{"total": {"lines":{"total":2841,"covered":2432,"skipped":0,"pct":85.6},"statements":{"total":2841,"covered":2432,"skipped":0,"pct":85.6},"functions":{"total":182,"covered":115,"skipped":0,"pct":63.18},"branches":{"total":727,"covered":611,"skipped":0,"pct":84.04},"branchesTrue":{"total":0,"covered":0,"skipped":0,"pct":100}}
,"/Users/maohua/Desktop/gi_+repo/ai-video-cut/ui/src/App.tsx": {"lines":{"total":325,"covered":292,"skipped":0,"pct":89.84},"functions":{"total":12,"covered":7,"skipped":0,"pct":58.33},"statements":{"total":325,"covered":292,"skipped":0,"pct":89.84},"branches":{"total":85,"covered":75,"skipped":0,"pct":88.23}}
,"/Users/maohua/Desktop/gi_+repo/ai-video-cut/ui/src/PanelResizer.tsx": {"lines":{"total":51,"covered":35,"skipped":0,"pct":68.62},"functions":{"total":6,"covered":1,"skipped":0,"pct":16.66},"statements":{"total":51,"covered":35,"skipped":0,"pct":68.62},"branches":{"total":3,"covered":3,"skipped":0,"pct":100}}
,"/Users/maohua/Desktop/gi_+repo/ai-video-cut/ui/src/motion.ts": {"lines":{"total":5,"covered":5,"skipped":0,"pct":100},"functions":{"total":1,"covered":1,"skipped":0,"pct":100},"statements":{"total":5,"covered":5,"skipped":0,"pct":100},"branches":{"total":1,"covered":1,"skipped":0,"pct":100}}
,"/Users/maohua/Desktop/gi_+repo/ai-video-cut/ui/src/panelResize.ts": {"lines":{"total":8,"covered":8,"skipped":0,"pct":100},"functions":{"total":1,"covered":1,"skipped":0,"pct":100},"statements":{"total":8,"covered":8,"skipped":0,"pct":100},"branches":{"total":1,"covered":1,"skipped":0,"pct":100}}
,"/Users/maohua/Desktop/gi_+repo/ai-video-cut/ui/src/ws.ts": {"lines":{"total":58,"covered":12,"skipped":0,"pct":20.68},"functions":{"total":8,"covered":1,"skipped":0,"pct":12.5},"statements":{"total":58,"covered":12,"skipped":0,"pct":20.68},"branches":{"total":2,"covered":1,"skipped":0,"pct":50}}
,"/Users/maohua/Desktop/gi_+repo/ai-video-cut/ui/src/panels/Activity.tsx": {"lines":{"total":42,"covered":30,"skipped":0,"pct":71.42},"functions":{"total":2,"covered":1,"skipped":0,"pct":50},"statements":{"total":42,"covered":30,"skipped":0,"pct":71.42},"branches":{"total":2,"covered":2,"skipped":0,"pct":100}}
,"/Users/maohua/Desktop/gi_+repo/ai-video-cut/ui/src/panels/CaptionList.tsx": {"lines":{"total":158,"covered":144,"skipped":0,"pct":91.13},"functions":{"total":13,"covered":10,"skipped":0,"pct":76.92},"statements":{"total":158,"covered":144,"skipped":0,"pct":91.13},"branches":{"total":56,"covered":49,"skipped":0,"pct":87.5}}
,"/Users/maohua/Desktop/gi_+repo/ai-video-cut/ui/src/panels/ExportMenu.tsx": {"lines":{"total":163,"covered":150,"skipped":0,"pct":92.02},"functions":{"total":11,"covered":7,"skipped":0,"pct":63.63},"statements":{"total":163,"covered":150,"skipped":0,"pct":92.02},"branches":{"total":40,"covered":31,"skipped":0,"pct":77.5}}
,"/Users/maohua/Desktop/gi_+repo/ai-video-cut/ui/src/panels/Inspector.tsx": {"lines":{"total":368,"covered":308,"skipped":0,"pct":83.69},"functions":{"total":38,"covered":20,"skipped":0,"pct":52.63},"statements":{"total":368,"covered":308,"skipped":0,"pct":83.69},"branches":{"total":60,"covered":49,"skipped":0,"pct":81.66}}
,"/Users/maohua/Desktop/gi_+repo/ai-video-cut/ui/src/panels/ReviewBar.tsx": {"lines":{"total":79,"covered":78,"skipped":0,"pct":98.73},"functions":{"total":7,"covered":6,"skipped":0,"pct":85.71},"statements":{"total":79,"covered":78,"skipped":0,"pct":98.73},"branches":{"total":21,"covered":19,"skipped":0,"pct":90.47}}
,"/Users/maohua/Desktop/gi_+repo/ai-video-cut/ui/src/player/Player.tsx": {"lines":{"total":220,"covered":190,"skipped":0,"pct":86.36},"functions":{"total":5,"covered":4,"skipped":0,"pct":80},"statements":{"total":220,"covered":190,"skipped":0,"pct":86.36},"branches":{"total":113,"covered":101,"skipped":0,"pct":89.38}}
,"/Users/maohua/Desktop/gi_+repo/ai-video-cut/ui/src/player/plan.ts": {"lines":{"total":51,"covered":51,"skipped":0,"pct":100},"functions":{"total":3,"covered":3,"skipped":0,"pct":100},"statements":{"total":51,"covered":51,"skipped":0,"pct":100},"branches":{"total":31,"covered":28,"skipped":0,"pct":90.32}}
,"/Users/maohua/Desktop/gi_+repo/ai-video-cut/ui/src/stores/activity.ts": {"lines":{"total":12,"covered":12,"skipped":0,"pct":100},"functions":{"total":2,"covered":2,"skipped":0,"pct":100},"statements":{"total":12,"covered":12,"skipped":0,"pct":100},"branches":{"total":4,"covered":3,"skipped":0,"pct":75}}
,"/Users/maohua/Desktop/gi_+repo/ai-video-cut/ui/src/stores/playback.ts": {"lines":{"total":15,"covered":14,"skipped":0,"pct":93.33},"functions":{"total":5,"covered":5,"skipped":0,"pct":100},"statements":{"total":15,"covered":14,"skipped":0,"pct":93.33},"branches":{"total":7,"covered":6,"skipped":0,"pct":85.71}}
,"/Users/maohua/Desktop/gi_+repo/ai-video-cut/ui/src/stores/project.ts": {"lines":{"total":27,"covered":27,"skipped":0,"pct":100},"functions":{"total":2,"covered":2,"skipped":0,"pct":100},"statements":{"total":27,"covered":27,"skipped":0,"pct":100},"branches":{"total":10,"covered":10,"skipped":0,"pct":100}}
,"/Users/maohua/Desktop/gi_+repo/ai-video-cut/ui/src/stores/selection.ts": {"lines":{"total":5,"covered":5,"skipped":0,"pct":100},"functions":{"total":1,"covered":1,"skipped":0,"pct":100},"statements":{"total":5,"covered":5,"skipped":0,"pct":100},"branches":{"total":2,"covered":2,"skipped":0,"pct":100}}
,"/Users/maohua/Desktop/gi_+repo/ai-video-cut/ui/src/stores/toast.ts": {"lines":{"total":6,"covered":6,"skipped":0,"pct":100},"functions":{"total":2,"covered":0,"skipped":0,"pct":0},"statements":{"total":6,"covered":6,"skipped":0,"pct":100},"branches":{"total":1,"covered":1,"skipped":0,"pct":100}}
,"/Users/maohua/Desktop/gi_+repo/ai-video-cut/ui/src/stores/view.ts": {"lines":{"total":48,"covered":28,"skipped":0,"pct":58.33},"functions":{"total":9,"covered":4,"skipped":0,"pct":44.44},"statements":{"total":48,"covered":28,"skipped":0,"pct":58.33},"branches":{"total":8,"covered":6,"skipped":0,"pct":75}}
,"/Users/maohua/Desktop/gi_+repo/ai-video-cut/ui/src/timeline/AudioChip.tsx": {"lines":{"total":90,"covered":86,"skipped":0,"pct":95.55},"functions":{"total":4,"covered":3,"skipped":0,"pct":75},"statements":{"total":90,"covered":86,"skipped":0,"pct":95.55},"branches":{"total":12,"covered":7,"skipped":0,"pct":58.33}}
,"/Users/maohua/Desktop/gi_+repo/ai-video-cut/ui/src/timeline/ClipBlock.tsx": {"lines":{"total":158,"covered":144,"skipped":0,"pct":91.13},"functions":{"total":4,"covered":2,"skipped":0,"pct":50},"statements":{"total":158,"covered":144,"skipped":0,"pct":91.13},"branches":{"total":29,"covered":21,"skipped":0,"pct":72.41}}
,"/Users/maohua/Desktop/gi_+repo/ai-video-cut/ui/src/timeline/Timeline.tsx": {"lines":{"total":653,"covered":575,"skipped":0,"pct":88.05},"functions":{"total":20,"covered":17,"skipped":0,"pct":85},"statements":{"total":653,"covered":575,"skipped":0,"pct":88.05},"branches":{"total":192,"covered":149,"skipped":0,"pct":77.6}}
,"/Users/maohua/Desktop/gi_+repo/ai-video-cut/ui/src/timeline/Toolbar.tsx": {"lines":{"total":112,"covered":87,"skipped":0,"pct":77.67},"functions":{"total":11,"covered":3,"skipped":0,"pct":27.27},"statements":{"total":112,"covered":87,"skipped":0,"pct":77.67},"branches":{"total":10,"covered":10,"skipped":0,"pct":100}}
,"/Users/maohua/Desktop/gi_+repo/ai-video-cut/ui/src/timeline/dragMath.ts": {"lines":{"total":85,"covered":85,"skipped":0,"pct":100},"functions":{"total":8,"covered":8,"skipped":0,"pct":100},"statements":{"total":85,"covered":85,"skipped":0,"pct":100},"branches":{"total":20,"covered":19,"skipped":0,"pct":95}}
,"/Users/maohua/Desktop/gi_+repo/ai-video-cut/ui/src/timeline/scale.ts": {"lines":{"total":30,"covered":30,"skipped":0,"pct":100},"functions":{"total":5,"covered":5,"skipped":0,"pct":100},"statements":{"total":30,"covered":30,"skipped":0,"pct":100},"branches":{"total":10,"covered":10,"skipped":0,"pct":100}}
,"/Users/maohua/Desktop/gi_+repo/ai-video-cut/ui/src/timeline/usePeaks.ts": {"lines":{"total":21,"covered":21,"skipped":0,"pct":100},"functions":{"total":1,"covered":1,"skipped":0,"pct":100},"statements":{"total":21,"covered":21,"skipped":0,"pct":100},"branches":{"total":7,"covered":7,"skipped":0,"pct":100}}
,"/Users/maohua/Desktop/gi_+repo/ai-video-cut/ui/src/timeline/waveform.ts": {"lines":{"total":51,"covered":9,"skipped":0,"pct":17.64},"functions":{"total":1,"covered":0,"skipped":0,"pct":0},"statements":{"total":51,"covered":9,"skipped":0,"pct":17.64},"branches":{"total":0,"covered":0,"skipped":0,"pct":100}}
}
