{"/Users/maohua/Desktop/gi_+repo/ai-video-cut/ui/src/App.tsx": {"path":"/Users/maohua/Desktop/gi_+repo/ai-video-cut/ui/src/App.tsx","all":false,"statementMap":{"0":{"start":{"line":1,"column":0},"end":{"line":1,"column":52}},"1":{"start":{"line":2,"column":0},"end":{"line":2,"column":94}},"2":{"start":{"line":3,"column":0},"end":{"line":3,"column":54}},"3":{"start":{"line":4,"column":0},"end":{"line":4,"column":49}},"4":{"start":{"line":5,"column":0},"end":{"line":5,"column":45}},"5":{"start":{"line":6,"column":0},"end":{"line":6,"column":53}},"6":{"start":{"line":7,"column":0},"end":{"line":7,"column":51}},"7":{"start":{"line":8,"column":0},"end":{"line":8,"column":43}},"8":{"start":{"line":9,"column":0},"end":{"line":9,"column":44}},"9":{"start":{"line":10,"column":0},"end":{"line":10,"column":50}},"10":{"start":{"line":11,"column":0},"end":{"line":11,"column":50}},"11":{"start":{"line":12,"column":0},"end":{"line":12,"column":48}},"12":{"start":{"line":13,"column":0},"end":{"line":13,"column":54}},"13":{"start":{"line":14,"column":0},"end":{"line":14,"column":50}},"14":{"start":{"line":15,"column":0},"end":{"line":15,"column":52}},"15":{"start":{"line":16,"column":0},"end":{"line":16,"column":49}},"16":{"start":{"line":17,"column":0},"end":{"line":17,"column":51}},"18":{"start":{"line":19,"column":0},"end":{"line":19,"column":18}},"19":{"start":{"line":20,"column":0},"end":{"line":20,"column":45}},"20":{"start":{"line":21,"column":0},"end":{"line":21,"column":41}},"21":{"start":{"line":22,"column":0},"end":{"line":22,"column":43}},"22":{"start":{"line":23,"column":0},"end":{"line":23,"column":19}},"23":{"start":{"line":24,"column":0},"end":{"line":24,"column":25}},"24":{"start":{"line":25,"column":0},"end":{"line":25,"column":38}},"25":{"start":{"line":26,"column":0},"end":{"line":26,"column":33}},"26":{"start":{"line":27,"column":0},"end":{"line":27,"column":23}},"28":{"start":{"line":29,"column":0},"end":{"line":29,"column":10}},"29":{"start":{"line":30,"column":0},"end":{"line":30,"column":11}},"30":{"start":{"line":31,"column":0},"end":{"line":31,"column":38}},"31":{"start":{"line":32,"column":0},"end":{"line":32,"column":89}},"32":{"start":{"line":33,"column":0},"end":{"line":33,"column":7}},"33":{"start":{"line":34,"column":0},"end":{"line":34,"column":6}},"34":{"start":{"line":35,"column":0},"end":{"line":35,"column":44}},"35":{"start":{"line":36,"column":0},"end":{"line":36,"column":4}},"36":{"start":{"line":37,"column":0},"end":{"line":37,"column":28}},"37":{"start":{"line":38,"column":0},"end":{"line":38,"column":10}},"38":{"start":{"line":39,"column":0},"end":{"line":39,"column":8}},"39":{"start":{"line":40,"column":0},"end":{"line":40,"column":15}},"40":{"start":{"line":41,"column":0},"end":{"line":41,"column":14}},"41":{"start":{"line":42,"column":0},"end":{"line":42,"column":26}},"42":{"start":{"line":43,"column":0},"end":{"line":43,"column":19}},"43":{"start":{"line":44,"column":0},"end":{"line":44,"column":20}},"44":{"start":{"line":45,"column":0},"end":{"line":45,"column":38}},"45":{"start":{"line":46,"column":0},"end":{"line":46,"column":30}},"46":{"start":{"line":47,"column":0},"end":{"line":47,"column":50}},"47":{"start":{"line":48,"column":0},"end":{"line":48,"column":31}},"48":{"start":{"line":49,"column":0},"end":{"line":49,"column":28}},"49":{"start":{"line":50,"column":0},"end":{"line":50,"column":37}},"50":{"start":{"line":51,"column":0},"end":{"line":51,"column":48}},"51":{"start":{"line":52,"column":0},"end":{"line":52,"column":20}},"52":{"start":{"line":53,"column":0},"end":{"line":53,"column":8}},"54":{"start":{"line":55,"column":0},"end":{"line":55,"column":15}},"55":{"start":{"line":56,"column":0},"end":{"line":56,"column":10}},"57":{"start":{"line":58,"column":0},"end":{"line":58,"column":1}},"59":{"start":{"line":60,"column":0},"end":{"line":60,"column":23}},"60":{"start":{"line":61,"column":0},"end":{"line":61,"column":39}},"61":{"start":{"line":62,"column":0},"end":{"line":62,"column":47}},"62":{"start":{"line":63,"column":0},"end":{"line":63,"column":51}},"63":{"start":{"line":64,"column":0},"end":{"line":64,"column":46}},"64":{"start":{"line":65,"column":0},"end":{"line":65,"column":48}},"65":{"start":{"line":66,"column":0},"end":{"line":66,"column":48}},"66":{"start":{"line":67,"column":0},"end":{"line":67,"column":50}},"67":{"start":{"line":68,"column":0},"end":{"line":68,"column":47}},"68":{"start":{"line":69,"column":0},"end":{"line":69,"column":50}},"69":{"start":{"line":70,"column":0},"end":{"line":70,"column":70}},"70":{"start":{"line":71,"column":0},"end":{"line":71,"column":56}},"71":{"start":{"line":72,"column":0},"end":{"line":72,"column":50}},"74":{"start":{"line":75,"column":0},"end":{"line":75,"column":10}},"75":{"start":{"line":76,"column":0},"end":{"line":76,"column":11}},"76":{"start":{"line":77,"column":0},"end":{"line":77,"column":45}},"77":{"start":{"line":78,"column":0},"end":{"line":78,"column":20}},"78":{"start":{"line":79,"column":0},"end":{"line":79,"column":29}},"79":{"start":{"line":80,"column":0},"end":{"line":80,"column":31}},"80":{"start":{"line":81,"column":0},"end":{"line":81,"column":66}},"81":{"start":{"line":82,"column":0},"end":{"line":82,"column":10}},"82":{"start":{"line":83,"column":0},"end":{"line":83,"column":7}},"83":{"start":{"line":84,"column":0},"end":{"line":84,"column":6}},"84":{"start":{"line":85,"column":0},"end":{"line":85,"column":47}},"85":{"start":{"line":86,"column":0},"end":{"line":86,"column":4}},"88":{"start":{"line":89,"column":0},"end":{"line":89,"column":19}},"89":{"start":{"line":90,"column":0},"end":{"line":90,"column":41}},"90":{"start":{"line":91,"column":0},"end":{"line":91,"column":48}},"91":{"start":{"line":92,"column":0},"end":{"line":92,"column":30}},"92":{"start":{"line":93,"column":0},"end":{"line":93,"column":81}},"94":{"start":{"line":95,"column":0},"end":{"line":95,"column":41}},"95":{"start":{"line":96,"column":0},"end":{"line":96,"column":45}},"96":{"start":{"line":97,"column":0},"end":{"line":97,"column":38}},"98":{"start":{"line":99,"column":0},"end":{"line":99,"column":31}},"99":{"start":{"line":100,"column":0},"end":{"line":100,"column":27}},"100":{"start":{"line":101,"column":0},"end":{"line":101,"column":48}},"101":{"start":{"line":102,"column":0},"end":{"line":102,"column":15}},"102":{"start":{"line":103,"column":0},"end":{"line":103,"column":7}},"103":{"start":{"line":104,"column":0},"end":{"line":104,"column":31}},"104":{"start":{"line":105,"column":0},"end":{"line":105,"column":27}},"105":{"start":{"line":106,"column":0},"end":{"line":106,"column":51}},"106":{"start":{"line":107,"column":0},"end":{"line":107,"column":15}},"107":{"start":{"line":108,"column":0},"end":{"line":108,"column":7}},"108":{"start":{"line":109,"column":0},"end":{"line":109,"column":38}},"110":{"start":{"line":111,"column":0},"end":{"line":111,"column":20}},"111":{"start":{"line":112,"column":0},"end":{"line":112,"column":17}},"112":{"start":{"line":113,"column":0},"end":{"line":113,"column":29}},"113":{"start":{"line":114,"column":0},"end":{"line":114,"column":77}},"114":{"start":{"line":115,"column":0},"end":{"line":115,"column":45}},"115":{"start":{"line":116,"column":0},"end":{"line":116,"column":16}},"116":{"start":{"line":117,"column":0},"end":{"line":117,"column":17}},"117":{"start":{"line":118,"column":0},"end":{"line":118,"column":29}},"118":{"start":{"line":119,"column":0},"end":{"line":119,"column":53}},"119":{"start":{"line":120,"column":0},"end":{"line":120,"column":16}},"120":{"start":{"line":121,"column":0},"end":{"line":121,"column":17}},"121":{"start":{"line":122,"column":0},"end":{"line":122,"column":29}},"122":{"start":{"line":123,"column":0},"end":{"line":123,"column":58}},"123":{"start":{"line":124,"column":0},"end":{"line":124,"column":16}},"124":{"start":{"line":125,"column":0},"end":{"line":125,"column":17}},"125":{"start":{"line":126,"column":0},"end":{"line":126,"column":29}},"126":{"start":{"line":127,"column":0},"end":{"line":127,"column":57}},"127":{"start":{"line":128,"column":0},"end":{"line":128,"column":16}},"128":{"start":{"line":129,"column":0},"end":{"line":129,"column":17}},"129":{"start":{"line":130,"column":0},"end":{"line":130,"column":29}},"130":{"start":{"line":131,"column":0},"end":{"line":131,"column":57}},"131":{"start":{"line":132,"column":0},"end":{"line":132,"column":16}},"132":{"start":{"line":133,"column":0},"end":{"line":133,"column":17}},"133":{"start":{"line":134,"column":0},"end":{"line":134,"column":29}},"134":{"start":{"line":135,"column":0},"end":{"line":135,"column":42}},"135":{"start":{"line":136,"column":0},"end":{"line":136,"column":16}},"136":{"start":{"line":137,"column":0},"end":{"line":137,"column":17}},"137":{"start":{"line":138,"column":0},"end":{"line":138,"column":27}},"138":{"start":{"line":139,"column":0},"end":{"line":139,"column":31}},"139":{"start":{"line":140,"column":0},"end":{"line":140,"column":80}},"140":{"start":{"line":141,"column":0},"end":{"line":141,"column":11}},"141":{"start":{"line":142,"column":0},"end":{"line":142,"column":16}},"142":{"start":{"line":143,"column":0},"end":{"line":143,"column":25}},"143":{"start":{"line":144,"column":0},"end":{"line":144,"column":28}},"144":{"start":{"line":145,"column":0},"end":{"line":145,"column":29}},"145":{"start":{"line":146,"column":0},"end":{"line":146,"column":66}},"146":{"start":{"line":147,"column":0},"end":{"line":147,"column":51}},"147":{"start":{"line":148,"column":0},"end":{"line":148,"column":81}},"148":{"start":{"line":149,"column":0},"end":{"line":149,"column":16}},"149":{"start":{"line":150,"column":0},"end":{"line":150,"column":9}},"150":{"start":{"line":151,"column":0},"end":{"line":151,"column":7}},"151":{"start":{"line":152,"column":0},"end":{"line":152,"column":6}},"152":{"start":{"line":153,"column":0},"end":{"line":153,"column":46}},"153":{"start":{"line":154,"column":0},"end":{"line":154,"column":62}},"154":{"start":{"line":155,"column":0},"end":{"line":155,"column":9}},"159":{"start":{"line":160,"column":0},"end":{"line":160,"column":19}},"160":{"start":{"line":161,"column":0},"end":{"line":161,"column":55}},"161":{"start":{"line":162,"column":0},"end":{"line":162,"column":28}},"162":{"start":{"line":163,"column":0},"end":{"line":163,"column":29}},"163":{"start":{"line":164,"column":0},"end":{"line":164,"column":21}},"164":{"start":{"line":165,"column":0},"end":{"line":165,"column":13}},"165":{"start":{"line":166,"column":0},"end":{"line":166,"column":23}},"166":{"start":{"line":167,"column":0},"end":{"line":167,"column":56}},"167":{"start":{"line":168,"column":0},"end":{"line":168,"column":50}},"168":{"start":{"line":169,"column":0},"end":{"line":169,"column":24}},"169":{"start":{"line":170,"column":0},"end":{"line":170,"column":13}},"170":{"start":{"line":171,"column":0},"end":{"line":171,"column":12}},"171":{"start":{"line":172,"column":0},"end":{"line":172,"column":8}},"172":{"start":{"line":173,"column":0},"end":{"line":173,"column":6}},"173":{"start":{"line":174,"column":0},"end":{"line":174,"column":15}},"174":{"start":{"line":175,"column":0},"end":{"line":175,"column":55}},"175":{"start":{"line":176,"column":0},"end":{"line":176,"column":43}},"176":{"start":{"line":177,"column":0},"end":{"line":177,"column":7}},"177":{"start":{"line":178,"column":0},"end":{"line":178,"column":55}},"178":{"start":{"line":179,"column":0},"end":{"line":179,"column":51}},"179":{"start":{"line":180,"column":0},"end":{"line":180,"column":7}},"180":{"start":{"line":181,"column":0},"end":{"line":181,"column":18}},"181":{"start":{"line":182,"column":0},"end":{"line":182,"column":29}},"182":{"start":{"line":183,"column":0},"end":{"line":183,"column":15}},"183":{"start":{"line":184,"column":0},"end":{"line":184,"column":14}},"184":{"start":{"line":185,"column":0},"end":{"line":185,"column":6}},"185":{"start":{"line":186,"column":0},"end":{"line":186,"column":9}},"187":{"start":{"line":188,"column":0},"end":{"line":188,"column":10}},"188":{"start":{"line":189,"column":0},"end":{"line":189,"column":79}},"190":{"start":{"line":191,"column":0},"end":{"line":191,"column":13}},"191":{"start":{"line":192,"column":0},"end":{"line":192,"column":25}},"192":{"start":{"line":193,"column":0},"end":{"line":193,"column":16}},"193":{"start":{"line":194,"column":0},"end":{"line":194,"column":26}},"194":{"start":{"line":195,"column":0},"end":{"line":195,"column":31}},"195":{"start":{"line":196,"column":0},"end":{"line":196,"column":18}},"196":{"start":{"line":197,"column":0},"end":{"line":197,"column":30}},"197":{"start":{"line":198,"column":0},"end":{"line":198,"column":31}},"198":{"start":{"line":199,"column":0},"end":{"line":199,"column":21}},"199":{"start":{"line":200,"column":0},"end":{"line":200,"column":10}},"201":{"start":{"line":202,"column":0},"end":{"line":202,"column":10}},"202":{"start":{"line":203,"column":0},"end":{"line":203,"column":18}},"203":{"start":{"line":204,"column":0},"end":{"line":204,"column":25}},"204":{"start":{"line":205,"column":0},"end":{"line":205,"column":67}},"205":{"start":{"line":206,"column":0},"end":{"line":206,"column":41}},"206":{"start":{"line":207,"column":0},"end":{"line":207,"column":33}},"207":{"start":{"line":208,"column":0},"end":{"line":208,"column":12}},"208":{"start":{"line":209,"column":0},"end":{"line":209,"column":9}},"210":{"start":{"line":211,"column":0},"end":{"line":211,"column":12}},"211":{"start":{"line":212,"column":0},"end":{"line":212,"column":30}},"212":{"start":{"line":213,"column":0},"end":{"line":213,"column":41}},"213":{"start":{"line":214,"column":0},"end":{"line":214,"column":15}},"214":{"start":{"line":215,"column":0},"end":{"line":215,"column":61}},"215":{"start":{"line":216,"column":0},"end":{"line":216,"column":90}},"216":{"start":{"line":217,"column":0},"end":{"line":217,"column":47}},"217":{"start":{"line":218,"column":0},"end":{"line":218,"column":15}},"218":{"start":{"line":219,"column":0},"end":{"line":219,"column":22}},"219":{"start":{"line":220,"column":0},"end":{"line":220,"column":15}},"222":{"start":{"line":223,"column":0},"end":{"line":223,"column":10}},"223":{"start":{"line":224,"column":0},"end":{"line":224,"column":16}},"224":{"start":{"line":225,"column":0},"end":{"line":225,"column":31}},"225":{"start":{"line":226,"column":0},"end":{"line":226,"column":18}},"226":{"start":{"line":227,"column":0},"end":{"line":227,"column":26}},"227":{"start":{"line":228,"column":0},"end":{"line":228,"column":34}},"228":{"start":{"line":229,"column":0},"end":{"line":229,"column":23}},"229":{"start":{"line":230,"column":0},"end":{"line":230,"column":10}},"231":{"start":{"line":232,"column":0},"end":{"line":232,"column":21}},"232":{"start":{"line":233,"column":0},"end":{"line":233,"column":12}},"233":{"start":{"line":234,"column":0},"end":{"line":234,"column":23}},"234":{"start":{"line":235,"column":0},"end":{"line":235,"column":18}},"235":{"start":{"line":236,"column":0},"end":{"line":236,"column":20}},"236":{"start":{"line":237,"column":0},"end":{"line":237,"column":28}},"237":{"start":{"line":238,"column":0},"end":{"line":238,"column":119}},"238":{"start":{"line":239,"column":0},"end":{"line":239,"column":25}},"240":{"start":{"line":241,"column":0},"end":{"line":241,"column":79}},"241":{"start":{"line":242,"column":0},"end":{"line":242,"column":12}},"244":{"start":{"line":245,"column":0},"end":{"line":245,"column":14}},"245":{"start":{"line":246,"column":0},"end":{"line":246,"column":100}},"247":{"start":{"line":248,"column":0},"end":{"line":248,"column":81}},"248":{"start":{"line":249,"column":0},"end":{"line":249,"column":18}},"249":{"start":{"line":250,"column":0},"end":{"line":250,"column":24}},"250":{"start":{"line":251,"column":0},"end":{"line":251,"column":34}},"251":{"start":{"line":252,"column":0},"end":{"line":252,"column":39}},"252":{"start":{"line":253,"column":0},"end":{"line":253,"column":40}},"253":{"start":{"line":254,"column":0},"end":{"line":254,"column":18}},"255":{"start":{"line":256,"column":0},"end":{"line":256,"column":62}},"256":{"start":{"line":257,"column":0},"end":{"line":257,"column":23}},"257":{"start":{"line":258,"column":0},"end":{"line":258,"column":38}},"258":{"start":{"line":259,"column":0},"end":{"line":259,"column":65}},"259":{"start":{"line":260,"column":0},"end":{"line":260,"column":51}},"260":{"start":{"line":261,"column":0},"end":{"line":261,"column":68}},"262":{"start":{"line":263,"column":0},"end":{"line":263,"column":46}},"263":{"start":{"line":264,"column":0},"end":{"line":264,"column":25}},"264":{"start":{"line":265,"column":0},"end":{"line":265,"column":20}},"265":{"start":{"line":266,"column":0},"end":{"line":266,"column":27}},"266":{"start":{"line":267,"column":0},"end":{"line":267,"column":18}},"267":{"start":{"line":268,"column":0},"end":{"line":268,"column":16}},"271":{"start":{"line":272,"column":0},"end":{"line":272,"column":62}},"272":{"start":{"line":273,"column":0},"end":{"line":273,"column":26}},"273":{"start":{"line":274,"column":0},"end":{"line":274,"column":91}},"275":{"start":{"line":276,"column":0},"end":{"line":276,"column":27}},"276":{"start":{"line":277,"column":0},"end":{"line":277,"column":92}},"278":{"start":{"line":279,"column":0},"end":{"line":279,"column":27}},"279":{"start":{"line":280,"column":0},"end":{"line":280,"column":21}},"280":{"start":{"line":281,"column":0},"end":{"line":281,"column":36}},"281":{"start":{"line":282,"column":0},"end":{"line":282,"column":63}},"282":{"start":{"line":283,"column":0},"end":{"line":283,"column":47}},"283":{"start":{"line":284,"column":0},"end":{"line":284,"column":24}},"284":{"start":{"line":285,"column":0},"end":{"line":285,"column":39}},"285":{"start":{"line":286,"column":0},"end":{"line":286,"column":26}},"286":{"start":{"line":287,"column":0},"end":{"line":287,"column":29}},"287":{"start":{"line":288,"column":0},"end":{"line":288,"column":48}},"288":{"start":{"line":289,"column":0},"end":{"line":289,"column":28}},"289":{"start":{"line":290,"column":0},"end":{"line":290,"column":18}},"291":{"start":{"line":292,"column":0},"end":{"line":292,"column":43}},"292":{"start":{"line":293,"column":0},"end":{"line":293,"column":23}},"294":{"start":{"line":295,"column":0},"end":{"line":295,"column":28}},"295":{"start":{"line":296,"column":0},"end":{"line":296,"column":21}},"296":{"start":{"line":297,"column":0},"end":{"line":297,"column":36}},"297":{"start":{"line":298,"column":0},"end":{"line":298,"column":64}},"298":{"start":{"line":299,"column":0},"end":{"line":299,"column":54}},"299":{"start":{"line":300,"column":0},"end":{"line":300,"column":24}},"300":{"start":{"line":301,"column":0},"end":{"line":301,"column":39}},"301":{"start":{"line":302,"column":0},"end":{"line":302,"column":27}},"302":{"start":{"line":303,"column":0},"end":{"line":303,"column":29}},"303":{"start":{"line":304,"column":0},"end":{"line":304,"column":48}},"304":{"start":{"line":305,"column":0},"end":{"line":305,"column":28}},"305":{"start":{"line":306,"column":0},"end":{"line":306,"column":18}},"307":{"start":{"line":308,"column":0},"end":{"line":308,"column":44}},"308":{"start":{"line":309,"column":0},"end":{"line":309,"column":23}},"310":{"start":{"line":311,"column":0},"end":{"line":311,"column":76}},"311":{"start":{"line":312,"column":0},"end":{"line":312,"column":24}},"312":{"start":{"line":313,"column":0},"end":{"line":313,"column":18}},"313":{"start":{"line":314,"column":0},"end":{"line":314,"column":16}},"316":{"start":{"line":317,"column":0},"end":{"line":317,"column":14}},"317":{"start":{"line":318,"column":0},"end":{"line":318,"column":100}},"319":{"start":{"line":320,"column":0},"end":{"line":320,"column":16}},"320":{"start":{"line":321,"column":0},"end":{"line":321,"column":22}},"321":{"start":{"line":322,"column":0},"end":{"line":322,"column":34}},"322":{"start":{"line":323,"column":0},"end":{"line":323,"column":31}},"323":{"start":{"line":324,"column":0},"end":{"line":324,"column":32}},"324":{"start":{"line":325,"column":0},"end":{"line":325,"column":40}},"325":{"start":{"line":326,"column":0},"end":{"line":326,"column":16}},"327":{"start":{"line":328,"column":0},"end":{"line":328,"column":18}},"328":{"start":{"line":329,"column":0},"end":{"line":329,"column":24}},"329":{"start":{"line":330,"column":0},"end":{"line":330,"column":34}},"330":{"start":{"line":331,"column":0},"end":{"line":331,"column":39}},"331":{"start":{"line":332,"column":0},"end":{"line":332,"column":25}},"332":{"start":{"line":333,"column":0},"end":{"line":333,"column":38}},"333":{"start":{"line":334,"column":0},"end":{"line":334,"column":56}},"334":{"start":{"line":335,"column":0},"end":{"line":335,"column":18}},"336":{"start":{"line":337,"column":0},"end":{"line":337,"column":23}},"337":{"start":{"line":338,"column":0},"end":{"line":338,"column":69}},"338":{"start":{"line":339,"column":0},"end":{"line":339,"column":52}},"339":{"start":{"line":340,"column":0},"end":{"line":340,"column":17}},"340":{"start":{"line":341,"column":0},"end":{"line":341,"column":94}},"341":{"start":{"line":342,"column":0},"end":{"line":342,"column":25}},"342":{"start":{"line":343,"column":0},"end":{"line":343,"column":23}},"343":{"start":{"line":344,"column":0},"end":{"line":344,"column":69}},"344":{"start":{"line":345,"column":0},"end":{"line":345,"column":52}},"345":{"start":{"line":346,"column":0},"end":{"line":346,"column":17}},"347":{"start":{"line":348,"column":0},"end":{"line":348,"column":25}},"348":{"start":{"line":349,"column":0},"end":{"line":349,"column":23}},"349":{"start":{"line":350,"column":0},"end":{"line":350,"column":38}},"350":{"start":{"line":351,"column":0},"end":{"line":351,"column":66}},"351":{"start":{"line":352,"column":0},"end":{"line":352,"column":34}},"352":{"start":{"line":353,"column":0},"end":{"line":353,"column":68}},"354":{"start":{"line":355,"column":0},"end":{"line":355,"column":47}},"355":{"start":{"line":356,"column":0},"end":{"line":356,"column":25}},"356":{"start":{"line":357,"column":0},"end":{"line":357,"column":20}},"357":{"start":{"line":358,"column":0},"end":{"line":358,"column":70}},"358":{"start":{"line":359,"column":0},"end":{"line":359,"column":69}},"359":{"start":{"line":360,"column":0},"end":{"line":360,"column":20}},"360":{"start":{"line":361,"column":0},"end":{"line":361,"column":18}},"361":{"start":{"line":362,"column":0},"end":{"line":362,"column":16}},"362":{"start":{"line":363,"column":0},"end":{"line":363,"column":14}},"363":{"start":{"line":364,"column":0},"end":{"line":364,"column":12}},"366":{"start":{"line":367,"column":0},"end":{"line":367,"column":70}},"367":{"start":{"line":368,"column":0},"end":{"line":368,"column":20}},"368":{"start":{"line":369,"column":0},"end":{"line":369,"column":12}},"369":{"start":{"line":370,"column":0},"end":{"line":370,"column":15}},"370":{"start":{"line":371,"column":0},"end":{"line":371,"column":10}},"372":{"start":{"line":373,"column":0},"end":{"line":373,"column":1}}},"s":{"0":1,"1":1,"2":1,"3":1,"4":1,"5":1,"6":1,"7":1,"8":1,"9":1,"10":1,"11":1,"12":1,"13":1,"14":1,"15":1,"16":1,"18":20,"19":20,"20":20,"21":20,"22":20,"23":15,"24":0,"25":0,"26":20,"28":20,"29":20,"30":15,"31":0,"32":0,"33":15,"34":20,"35":20,"36":20,"37":0,"38":0,"39":0,"40":0,"41":0,"42":0,"43":0,"44":0,"45":0,"46":0,"47":0,"48":0,"49":0,"50":0,"51":0,"52":0,"54":0,"55":0,"57":0,"59":1,"60":20,"61":20,"62":20,"63":20,"64":20,"65":20,"66":20,"67":20,"68":20,"69":20,"70":20,"71":20,"74":20,"75":20,"76":16,"77":16,"78":16,"79":16,"80":16,"81":16,"82":16,"83":16,"84":20,"85":20,"88":20,"89":15,"90":11,"91":11,"92":11,"94":11,"95":11,"96":11,"98":11,"99":1,"100":1,"101":1,"102":1,"103":11,"104":0,"105":0,"106":0,"107":0,"108":9,"110":9,"111":11,"112":2,"113":2,"114":1,"115":2,"116":11,"117":1,"118":1,"119":1,"120":11,"121":1,"122":1,"123":1,"124":11,"125":1,"126":1,"127":1,"128":11,"129":1,"130":1,"131":1,"132":11,"133":1,"134":1,"135":1,"136":11,"137":0,"138":0,"139":0,"140":0,"141":0,"142":11,"143":11,"144":2,"145":2,"146":2,"147":2,"148":2,"149":2,"150":11,"151":11,"152":15,"153":15,"154":20,"159":20,"160":15,"161":15,"162":26,"163":26,"164":26,"165":1,"166":1,"167":1,"168":1,"169":1,"170":26,"171":26,"172":26,"173":15,"174":15,"175":17,"176":15,"177":15,"178":0,"179":15,"180":15,"181":15,"182":15,"183":15,"184":15,"185":20,"187":20,"188":20,"190":20,"191":20,"192":20,"193":20,"194":20,"195":20,"196":20,"197":20,"198":20,"199":20,"201":20,"202":20,"203":20,"204":20,"205":20,"206":20,"207":20,"208":20,"210":20,"211":20,"212":20,"213":20,"214":20,"215":20,"216":20,"217":20,"218":20,"219":20,"222":20,"223":20,"224":20,"225":20,"226":20,"227":20,"228":20,"229":20,"231":20,"232":20,"233":20,"234":20,"235":20,"236":20,"237":20,"238":20,"240":20,"241":20,"244":20,"245":20,"247":20,"248":20,"249":20,"250":20,"251":20,"252":20,"253":20,"255":20,"256":20,"257":20,"258":20,"259":20,"260":20,"262":20,"263":20,"264":20,"265":20,"266":20,"267":20,"271":20,"272":20,"273":18,"275":20,"276":19,"278":20,"279":2,"280":2,"281":2,"282":2,"283":2,"284":2,"285":2,"286":2,"287":2,"288":2,"289":2,"291":2,"292":2,"294":20,"295":1,"296":1,"297":1,"298":1,"299":1,"300":1,"301":1,"302":1,"303":1,"304":1,"305":1,"307":1,"308":1,"310":20,"311":20,"312":20,"313":20,"316":20,"317":20,"319":20,"320":20,"321":20,"322":20,"323":20,"324":20,"325":20,"327":20,"328":20,"329":20,"330":20,"331":20,"332":20,"333":20,"334":20,"336":20,"337":20,"338":20,"339":20,"340":20,"341":20,"342":20,"343":20,"344":20,"345":20,"347":20,"348":20,"349":20,"350":20,"351":20,"352":20,"354":20,"355":20,"356":20,"357":20,"358":20,"359":20,"360":20,"361":20,"362":20,"363":20,"366":20,"367":20,"368":20,"369":20,"370":20,"372":20},"branchMap":{"0":{"type":"branch","line":19,"loc":{"start":{"line":19,"column":0},"end":{"line":58,"column":1}},"locations":[{"start":{"line":19,"column":0},"end":{"line":58,"column":1}}]},"1":{"type":"branch","line":37,"loc":{"start":{"line":37,"column":23},"end":{"line":58,"column":1}},"locations":[{"start":{"line":37,"column":23},"end":{"line":58,"column":1}}]},"2":{"type":"branch","line":20,"loc":{"start":{"line":20,"column":27},"end":{"line":20,"column":43}},"locations":[{"start":{"line":20,"column":27},"end":{"line":20,"column":43}}]},"3":{"type":"branch","line":21,"loc":{"start":{"line":21,"column":25},"end":{"line":21,"column":39}},"locations":[{"start":{"line":21,"column":25},"end":{"line":21,"column":39}}]},"4":{"type":"branch","line":23,"loc":{"start":{"line":23,"column":12},"end":{"line":27,"column":5}},"locations":[{"start":{"line":23,"column":12},"end":{"line":27,"column":5}}]},"5":{"type":"branch","line":24,"loc":{"start":{"line":24,"column":18},"end":{"line":26,"column":33}},"locations":[{"start":{"line":24,"column":18},"end":{"line":26,"column":33}}]},"6":{"type":"branch","line":30,"loc":{"start":{"line":30,"column":4},"end":{"line":34,"column":6}},"locations":[{"start":{"line":30,"column":4},"end":{"line":34,"column":6}}]},"7":{"type":"branch","line":31,"loc":{"start":{"line":31,"column":14},"end":{"line":31,"column":37}},"locations":[{"start":{"line":31,"column":14},"end":{"line":31,"column":37}}]},"8":{"type":"branch","line":31,"loc":{"start":{"line":31,"column":37},"end":{"line":33,"column":7}},"locations":[{"start":{"line":31,"column":37},"end":{"line":33,"column":7}}]},"9":{"type":"branch","line":60,"loc":{"start":{"line":60,"column":7},"end":{"line":373,"column":1}},"locations":[{"start":{"line":60,"column":7},"end":{"line":373,"column":1}}]},"10":{"type":"branch","line":71,"loc":{"start":{"line":71,"column":23},"end":{"line":71,"column":35}},"locations":[{"start":{"line":71,"column":23},"end":{"line":71,"column":35}}]},"11":{"type":"branch","line":71,"loc":{"start":{"line":71,"column":44},"end":{"line":71,"column":56}},"locations":[{"start":{"line":71,"column":44},"end":{"line":71,"column":56}}]},"12":{"type":"branch","line":213,"loc":{"start":{"line":213,"column":11},"end":{"line":213,"column":24}},"locations":[{"start":{"line":213,"column":11},"end":{"line":213,"column":24}}]},"13":{"type":"branch","line":213,"loc":{"start":{"line":213,"column":16},"end":{"line":213,"column":28}},"locations":[{"start":{"line":213,"column":16},"end":{"line":213,"column":28}}]},"14":{"type":"branch","line":216,"loc":{"start":{"line":216,"column":32},"end":{"line":216,"column":58}},"locations":[{"start":{"line":216,"column":32},"end":{"line":216,"column":58}}]},"15":{"type":"branch","line":216,"loc":{"start":{"line":216,"column":44},"end":{"line":216,"column":74}},"locations":[{"start":{"line":216,"column":44},"end":{"line":216,"column":74}}]},"16":{"type":"branch","line":217,"loc":{"start":{"line":217,"column":11},"end":{"line":217,"column":37}},"locations":[{"start":{"line":217,"column":11},"end":{"line":217,"column":37}}]},"17":{"type":"branch","line":217,"loc":{"start":{"line":217,"column":23},"end":{"line":217,"column":47}},"locations":[{"start":{"line":217,"column":23},"end":{"line":217,"column":47}}]},"18":{"type":"branch","line":238,"loc":{"start":{"line":238,"column":36},"end":{"line":238,"column":66}},"locations":[{"start":{"line":238,"column":36},"end":{"line":238,"column":66}}]},"19":{"type":"branch","line":238,"loc":{"start":{"line":238,"column":59},"end":{"line":238,"column":71}},"locations":[{"start":{"line":238,"column":59},"end":{"line":238,"column":71}}]},"20":{"type":"branch","line":238,"loc":{"start":{"line":238,"column":79},"end":{"line":238,"column":111}},"locations":[{"start":{"line":238,"column":79},"end":{"line":238,"column":111}}]},"21":{"type":"branch","line":238,"loc":{"start":{"line":238,"column":104},"end":{"line":238,"column":116}},"locations":[{"start":{"line":238,"column":104},"end":{"line":238,"column":116}}]},"22":{"type":"branch","line":241,"loc":{"start":{"line":241,"column":24},"end":{"line":241,"column":44}},"locations":[{"start":{"line":241,"column":24},"end":{"line":241,"column":44}}]},"23":{"type":"branch","line":246,"loc":{"start":{"line":246,"column":54},"end":{"line":246,"column":91}},"locations":[{"start":{"line":246,"column":54},"end":{"line":246,"column":91}}]},"24":{"type":"branch","line":246,"loc":{"start":{"line":246,"column":65},"end":{"line":246,"column":98}},"locations":[{"start":{"line":246,"column":65},"end":{"line":246,"column":98}}]},"25":{"type":"branch","line":273,"loc":{"start":{"line":273,"column":13},"end":{"line":274,"column":91}},"locations":[{"start":{"line":273,"column":13},"end":{"line":274,"column":91}}]},"26":{"type":"branch","line":276,"loc":{"start":{"line":276,"column":13},"end":{"line":277,"column":92}},"locations":[{"start":{"line":276,"column":13},"end":{"line":277,"column":92}}]},"27":{"type":"branch","line":279,"loc":{"start":{"line":279,"column":14},"end":{"line":293,"column":23}},"locations":[{"start":{"line":279,"column":14},"end":{"line":293,"column":23}}]},"28":{"type":"branch","line":295,"loc":{"start":{"line":295,"column":14},"end":{"line":309,"column":23}},"locations":[{"start":{"line":295,"column":14},"end":{"line":309,"column":23}}]},"29":{"type":"branch","line":318,"loc":{"start":{"line":318,"column":53},"end":{"line":318,"column":91}},"locations":[{"start":{"line":318,"column":53},"end":{"line":318,"column":91}}]},"30":{"type":"branch","line":318,"loc":{"start":{"line":318,"column":65},"end":{"line":318,"column":98}},"locations":[{"start":{"line":318,"column":65},"end":{"line":318,"column":98}}]},"31":{"type":"branch","line":338,"loc":{"start":{"line":338,"column":43},"end":{"line":338,"column":64}},"locations":[{"start":{"line":338,"column":43},"end":{"line":338,"column":64}}]},"32":{"type":"branch","line":338,"loc":{"start":{"line":338,"column":56},"end":{"line":338,"column":66}},"locations":[{"start":{"line":338,"column":56},"end":{"line":338,"column":66}}]},"33":{"type":"branch","line":341,"loc":{"start":{"line":341,"column":43},"end":{"line":341,"column":94}},"locations":[{"start":{"line":341,"column":43},"end":{"line":341,"column":94}}]},"34":{"type":"branch","line":344,"loc":{"start":{"line":344,"column":43},"end":{"line":344,"column":64}},"locations":[{"start":{"line":344,"column":43},"end":{"line":344,"column":64}}]},"35":{"type":"branch","line":344,"loc":{"start":{"line":344,"column":56},"end":{"line":344,"column":66}},"locations":[{"start":{"line":344,"column":56},"end":{"line":344,"column":66}}]},"36":{"type":"branch","line":359,"loc":{"start":{"line":359,"column":25},"end":{"line":359,"column":56}},"locations":[{"start":{"line":359,"column":25},"end":{"line":359,"column":56}}]},"37":{"type":"branch","line":359,"loc":{"start":{"line":359,"column":51},"end":{"line":359,"column":69}},"locations":[{"start":{"line":359,"column":51},"end":{"line":359,"column":69}}]},"38":{"type":"branch","line":61,"loc":{"start":{"line":61,"column":25},"end":{"line":61,"column":37}},"locations":[{"start":{"line":61,"column":25},"end":{"line":61,"column":37}}]},"39":{"type":"branch","line":62,"loc":{"start":{"line":62,"column":29},"end":{"line":62,"column":45}},"locations":[{"start":{"line":62,"column":29},"end":{"line":62,"column":45}}]},"40":{"type":"branch","line":63,"loc":{"start":{"line":63,"column":31},"end":{"line":63,"column":49}},"locations":[{"start":{"line":63,"column":31},"end":{"line":63,"column":49}}]},"41":{"type":"branch","line":64,"loc":{"start":{"line":64,"column":27},"end":{"line":64,"column":44}},"locations":[{"start":{"line":64,"column":27},"end":{"line":64,"column":44}}]},"42":{"type":"branch","line":65,"loc":{"start":{"line":65,"column":28},"end":{"line":65,"column":46}},"locations":[{"start":{"line":65,"column":28},"end":{"line":65,"column":46}}]},"43":{"type":"branch","line":66,"loc":{"start":{"line":66,"column":28},"end":{"line":66,"column":46}},"locations":[{"start":{"line":66,"column":28},"end":{"line":66,"column":46}}]},"44":{"type":"branch","line":67,"loc":{"start":{"line":67,"column":29},"end":{"line":67,"column":48}},"locations":[{"start":{"line":67,"column":29},"end":{"line":67,"column":48}}]},"45":{"type":"branch","line":76,"loc":{"start":{"line":76,"column":4},"end":{"line":84,"column":6}},"locations":[{"start":{"line":76,"column":4},"end":{"line":84,"column":6}}]},"46":{"type":"branch","line":89,"loc":{"start":{"line":89,"column":12},"end":{"line":155,"column":5}},"locations":[{"start":{"line":89,"column":12},"end":{"line":155,"column":5}}]},"47":{"type":"branch","line":90,"loc":{"start":{"line":90,"column":18},"end":{"line":152,"column":6}},"locations":[{"start":{"line":90,"column":18},"end":{"line":152,"column":6}}]},"48":{"type":"branch","line":93,"loc":{"start":{"line":93,"column":18},"end":{"line":93,"column":51}},"locations":[{"start":{"line":93,"column":18},"end":{"line":93,"column":51}}]},"49":{"type":"branch","line":93,"loc":{"start":{"line":93,"column":37},"end":{"line":93,"column":74}},"locations":[{"start":{"line":93,"column":37},"end":{"line":93,"column":74}}]},"50":{"type":"branch","line":93,"loc":{"start":{"line":93,"column":74},"end":{"line":93,"column":81}},"locations":[{"start":{"line":93,"column":74},"end":{"line":93,"column":81}}]},"51":{"type":"branch","line":93,"loc":{"start":{"line":93,"column":74},"end":{"line":95,"column":31}},"locations":[{"start":{"line":93,"column":74},"end":{"line":95,"column":31}}]},"52":{"type":"branch","line":95,"loc":{"start":{"line":95,"column":20},"end":{"line":95,"column":41}},"locations":[{"start":{"line":95,"column":20},"end":{"line":95,"column":41}}]},"53":{"type":"branch","line":99,"loc":{"start":{"line":99,"column":10},"end":{"line":99,"column":30}},"locations":[{"start":{"line":99,"column":10},"end":{"line":99,"column":30}}]},"54":{"type":"branch","line":99,"loc":{"start":{"line":99,"column":30},"end":{"line":103,"column":7}},"locations":[{"start":{"line":99,"column":30},"end":{"line":103,"column":7}}]},"55":{"type":"branch","line":103,"loc":{"start":{"line":103,"column":6},"end":{"line":104,"column":17}},"locations":[{"start":{"line":103,"column":6},"end":{"line":104,"column":17}}]},"56":{"type":"branch","line":104,"loc":{"start":{"line":104,"column":10},"end":{"line":104,"column":30}},"locations":[{"start":{"line":104,"column":10},"end":{"line":104,"column":30}}]},"57":{"type":"branch","line":104,"loc":{"start":{"line":104,"column":30},"end":{"line":108,"column":7}},"locations":[{"start":{"line":104,"column":30},"end":{"line":108,"column":7}}]},"58":{"type":"branch","line":108,"loc":{"start":{"line":108,"column":6},"end":{"line":109,"column":38}},"locations":[{"start":{"line":108,"column":6},"end":{"line":109,"column":38}}]},"59":{"type":"branch","line":109,"loc":{"start":{"line":109,"column":15},"end":{"line":109,"column":38}},"locations":[{"start":{"line":109,"column":15},"end":{"line":109,"column":38}}]},"60":{"type":"branch","line":109,"loc":{"start":{"line":109,"column":15},"end":{"line":111,"column":20}},"locations":[{"start":{"line":109,"column":15},"end":{"line":111,"column":20}}]},"61":{"type":"branch","line":112,"loc":{"start":{"line":112,"column":8},"end":{"line":116,"column":16}},"locations":[{"start":{"line":112,"column":8},"end":{"line":116,"column":16}}]},"62":{"type":"branch","line":114,"loc":{"start":{"line":114,"column":46},"end":{"line":115,"column":45}},"locations":[{"start":{"line":114,"column":46},"end":{"line":115,"column":45}}]},"63":{"type":"branch","line":117,"loc":{"start":{"line":117,"column":8},"end":{"line":120,"column":16}},"locations":[{"start":{"line":117,"column":8},"end":{"line":120,"column":16}}]},"64":{"type":"branch","line":121,"loc":{"start":{"line":121,"column":8},"end":{"line":124,"column":16}},"locations":[{"start":{"line":121,"column":8},"end":{"line":124,"column":16}}]},"65":{"type":"branch","line":125,"loc":{"start":{"line":125,"column":8},"end":{"line":128,"column":16}},"locations":[{"start":{"line":125,"column":8},"end":{"line":128,"column":16}}]},"66":{"type":"branch","line":129,"loc":{"start":{"line":129,"column":8},"end":{"line":132,"column":16}},"locations":[{"start":{"line":129,"column":8},"end":{"line":132,"column":16}}]},"67":{"type":"branch","line":133,"loc":{"start":{"line":133,"column":8},"end":{"line":136,"column":16}},"locations":[{"start":{"line":133,"column":8},"end":{"line":136,"column":16}}]},"68":{"type":"branch","line":137,"loc":{"start":{"line":137,"column":8},"end":{"line":142,"column":16}},"locations":[{"start":{"line":137,"column":8},"end":{"line":142,"column":16}}]},"69":{"type":"branch","line":143,"loc":{"start":{"line":143,"column":8},"end":{"line":143,"column":25}},"locations":[{"start":{"line":143,"column":8},"end":{"line":143,"column":25}}]},"70":{"type":"branch","line":144,"loc":{"start":{"line":144,"column":8},"end":{"line":150,"column":9}},"locations":[{"start":{"line":144,"column":8},"end":{"line":150,"column":9}}]},"71":{"type":"branch","line":146,"loc":{"start":{"line":146,"column":56},"end":{"line":146,"column":66}},"locations":[{"start":{"line":146,"column":56},"end":{"line":146,"column":66}}]},"72":{"type":"branch","line":147,"loc":{"start":{"line":147,"column":26},"end":{"line":147,"column":42}},"locations":[{"start":{"line":147,"column":26},"end":{"line":147,"column":42}}]},"73":{"type":"branch","line":147,"loc":{"start":{"line":147,"column":37},"end":{"line":147,"column":47}},"locations":[{"start":{"line":147,"column":37},"end":{"line":147,"column":47}}]},"74":{"type":"branch","line":148,"loc":{"start":{"line":148,"column":52},"end":{"line":148,"column":74}},"locations":[{"start":{"line":148,"column":52},"end":{"line":148,"column":74}}]},"75":{"type":"branch","line":148,"loc":{"start":{"line":148,"column":67},"end":{"line":148,"column":79}},"locations":[{"start":{"line":148,"column":67},"end":{"line":148,"column":79}}]},"76":{"type":"branch","line":154,"loc":{"start":{"line":154,"column":11},"end":{"line":154,"column":62}},"locations":[{"start":{"line":154,"column":11},"end":{"line":154,"column":62}}]},"77":{"type":"branch","line":160,"loc":{"start":{"line":160,"column":12},"end":{"line":186,"column":5}},"locations":[{"start":{"line":160,"column":12},"end":{"line":186,"column":5}}]},"78":{"type":"branch","line":162,"loc":{"start":{"line":162,"column":21},"end":{"line":173,"column":6}},"locations":[{"start":{"line":162,"column":21},"end":{"line":173,"column":6}}]},"79":{"type":"branch","line":163,"loc":{"start":{"line":163,"column":13},"end":{"line":163,"column":29}},"locations":[{"start":{"line":163,"column":13},"end":{"line":163,"column":29}}]},"80":{"type":"branch","line":165,"loc":{"start":{"line":165,"column":8},"end":{"line":170,"column":13}},"locations":[{"start":{"line":165,"column":8},"end":{"line":170,"column":13}}]},"81":{"type":"branch","line":175,"loc":{"start":{"line":175,"column":41},"end":{"line":177,"column":5}},"locations":[{"start":{"line":175,"column":41},"end":{"line":177,"column":5}}]},"82":{"type":"branch","line":176,"loc":{"start":{"line":176,"column":32},"end":{"line":176,"column":43}},"locations":[{"start":{"line":176,"column":32},"end":{"line":176,"column":43}}]},"83":{"type":"branch","line":181,"loc":{"start":{"line":181,"column":11},"end":{"line":185,"column":6}},"locations":[{"start":{"line":181,"column":11},"end":{"line":185,"column":6}}]},"84":{"type":"branch","line":345,"loc":{"start":{"line":345,"column":27},"end":{"line":345,"column":52}},"locations":[{"start":{"line":345,"column":27},"end":{"line":345,"column":52}}]}},"b":{"0":[20],"1":[0],"2":[60],"3":[60],"4":[15],"5":[0],"6":[15],"7":[0],"8":[0],"9":[20],"10":[17],"11":[3],"12":[17],"13":[3],"14":[17],"15":[3],"16":[17],"17":[3],"18":[18],"19":[2],"20":[19],"21":[1],"22":[0],"23":[18],"24":[2],"25":[18],"26":[19],"27":[2],"28":[1],"29":[19],"30":[1],"31":[19],"32":[1],"33":[17],"34":[1],"35":[19],"36":[19],"37":[1],"38":[64],"39":[64],"40":[64],"41":[63],"42":[63],"43":[63],"44":[63],"45":[16],"46":[15],"47":[11],"48":[10],"49":[10],"50":[1],"51":[10],"52":[9],"53":[1],"54":[1],"55":[9],"56":[0],"57":[0],"58":[9],"59":[0],"60":[9],"61":[2],"62":[1],"63":[1],"64":[1],"65":[1],"66":[1],"67":[1],"68":[0],"69":[1],"70":[2],"71":[0],"72":[1],"73":[1],"74":[1],"75":[1],"76":[15],"77":[15],"78":[26],"79":[11],"80":[1],"81":[17],"82":[11],"83":[15],"84":[1]},"fnMap":{"0":{"name":"Toast","decl":{"start":{"line":19,"column":0},"end":{"line":58,"column":1}},"loc":{"start":{"line":19,"column":0},"end":{"line":58,"column":1}},"line":19},"1":{"name":"Toast.scope","decl":{"start":{"line":30,"column":4},"end":{"line":34,"column":6}},"loc":{"start":{"line":30,"column":4},"end":{"line":34,"column":6}},"line":30},"2":{"name":"App","decl":{"start":{"line":60,"column":7},"end":{"line":373,"column":1}},"loc":{"start":{"line":60,"column":7},"end":{"line":373,"column":1}},"line":60},"3":{"name":"App.scope","decl":{"start":{"line":76,"column":4},"end":{"line":84,"column":6}},"loc":{"start":{"line":76,"column":4},"end":{"line":84,"column":6}},"line":76},"4":{"name":"onKey","decl":{"start":{"line":90,"column":18},"end":{"line":152,"column":6}},"loc":{"start":{"line":90,"column":18},"end":{"line":152,"column":6}},"line":90},"5":{"name":"schedule","decl":{"start":{"line":162,"column":21},"end":{"line":173,"column":6}},"loc":{"start":{"line":162,"column":21},"end":{"line":173,"column":6}},"line":162},"6":{"name":"onClick","decl":{"start":{"line":259,"column":27},"end":{"line":259,"column":65}},"loc":{"start":{"line":259,"column":27},"end":{"line":259,"column":65}},"line":259},"7":{"name":"onClick","decl":{"start":{"line":282,"column":25},"end":{"line":282,"column":63}},"loc":{"start":{"line":282,"column":25},"end":{"line":282,"column":63}},"line":282},"8":{"name":"onClick","decl":{"start":{"line":298,"column":25},"end":{"line":298,"column":64}},"loc":{"start":{"line":298,"column":25},"end":{"line":298,"column":64}},"line":298},"9":{"name":"onClick","decl":{"start":{"line":339,"column":27},"end":{"line":339,"column":52}},"loc":{"start":{"line":339,"column":27},"end":{"line":339,"column":52}},"line":339},"10":{"name":"onClick","decl":{"start":{"line":345,"column":27},"end":{"line":345,"column":52}},"loc":{"start":{"line":345,"column":27},"end":{"line":345,"column":52}},"line":345},"11":{"name":"onClick","decl":{"start":{"line":351,"column":27},"end":{"line":351,"column":66}},"loc":{"start":{"line":351,"column":27},"end":{"line":351,"column":66}},"line":351}},"f":{"0":20,"1":15,"2":20,"3":16,"4":11,"5":26,"6":0,"7":0,"8":0,"9":0,"10":1,"11":0}}
,"/Users/maohua/Desktop/gi_+repo/ai-video-cut/ui/src/PanelResizer.tsx": {"path":"/Users/maohua/Desktop/gi_+repo/ai-video-cut/ui/src/PanelResizer.tsx","all":false,"statementMap":{"0":{"start":{"line":1,"column":0},"end":{"line":1,"column":66}},"1":{"start":{"line":2,"column":0},"end":{"line":2,"column":75}},"2":{"start":{"line":3,"column":0},"end":{"line":3,"column":43}},"9":{"start":{"line":10,"column":0},"end":{"line":10,"column":30}},"10":{"start":{"line":11,"column":0},"end":{"line":11,"column":7}},"11":{"start":{"line":12,"column":0},"end":{"line":12,"column":10}},"12":{"start":{"line":13,"column":0},"end":{"line":13,"column":19}},"13":{"start":{"line":14,"column":0},"end":{"line":14,"column":4}},"19":{"start":{"line":20,"column":0},"end":{"line":20,"column":4}},"20":{"start":{"line":21,"column":0},"end":{"line":21,"column":33}},"22":{"start":{"line":23,"column":0},"end":{"line":23,"column":38}},"23":{"start":{"line":24,"column":0},"end":{"line":24,"column":58}},"24":{"start":{"line":25,"column":0},"end":{"line":25,"column":22}},"25":{"start":{"line":26,"column":0},"end":{"line":26,"column":79}},"27":{"start":{"line":28,"column":0},"end":{"line":28,"column":74}},"28":{"start":{"line":29,"column":0},"end":{"line":29,"column":4}},"30":{"start":{"line":31,"column":0},"end":{"line":31,"column":62}},"31":{"start":{"line":32,"column":0},"end":{"line":32,"column":23}},"32":{"start":{"line":33,"column":0},"end":{"line":33,"column":68}},"33":{"start":{"line":34,"column":0},"end":{"line":34,"column":28}},"34":{"start":{"line":35,"column":0},"end":{"line":35,"column":27}},"35":{"start":{"line":36,"column":0},"end":{"line":36,"column":4}},"36":{"start":{"line":37,"column":0},"end":{"line":37,"column":62}},"37":{"start":{"line":38,"column":0},"end":{"line":38,"column":43}},"38":{"start":{"line":39,"column":0},"end":{"line":39,"column":4}},"39":{"start":{"line":40,"column":0},"end":{"line":40,"column":25}},"40":{"start":{"line":41,"column":0},"end":{"line":41,"column":34}},"41":{"start":{"line":42,"column":0},"end":{"line":42,"column":29}},"42":{"start":{"line":43,"column":0},"end":{"line":43,"column":28}},"43":{"start":{"line":44,"column":0},"end":{"line":44,"column":4}},"45":{"start":{"line":46,"column":0},"end":{"line":46,"column":10}},"46":{"start":{"line":47,"column":0},"end":{"line":47,"column":8}},"47":{"start":{"line":48,"column":0},"end":{"line":48,"column":25}},"48":{"start":{"line":49,"column":0},"end":{"line":49,"column":51}},"49":{"start":{"line":50,"column":0},"end":{"line":50,"column":35}},"50":{"start":{"line":51,"column":0},"end":{"line":51,"column":35}},"51":{"start":{"line":52,"column":0},"end":{"line":52,"column":27}},"52":{"start":{"line":53,"column":0},"end":{"line":53,"column":31}},"53":{"start":{"line":54,"column":0},"end":{"line":54,"column":87}},"54":{"start":{"line":55,"column":0},"end":{"line":55,"column":14}},"55":{"start":{"line":56,"column":0},"end":{"line":56,"column":29}},"56":{"start":{"line":57,"column":0},"end":{"line":57,"column":15}},"57":{"start":{"line":58,"column":0},"end":{"line":58,"column":18}},"58":{"start":{"line":59,"column":0},"end":{"line":59,"column":48}},"59":{"start":{"line":60,"column":0},"end":{"line":60,"column":17}},"60":{"start":{"line":61,"column":0},"end":{"line":61,"column":29}},"61":{"start":{"line":62,"column":0},"end":{"line":62,"column":19}},"62":{"start":{"line":63,"column":0},"end":{"line":63,"column":28}},"63":{"start":{"line":64,"column":0},"end":{"line":64,"column":8}},"64":{"start":{"line":65,"column":0},"end":{"line":65,"column":6}},"66":{"start":{"line":67,"column":0},"end":{"line":67,"column":1}}},"s":{"0":1,"1":1,"2":1,"9":1,"10":39,"11":39,"12":39,"13":39,"19":39,"20":39,"22":39,"23":0,"24":0,"25":0,"27":0,"28":0,"30":39,"31":0,"32":0,"33":0,"34":0,"35":0,"36":39,"37":0,"38":0,"39":39,"40":0,"41":0,"42":0,"43":0,"45":39,"46":39,"47":39,"48":39,"49":39,"50":39,"51":39,"52":39,"53":39,"54":39,"55":39,"56":39,"57":39,"58":39,"59":39,"60":39,"61":39,"62":39,"63":39,"64":39,"66":39},"branchMap":{"0":{"type":"branch","line":10,"loc":{"start":{"line":10,"column":7},"end":{"line":67,"column":1}},"locations":[{"start":{"line":10,"column":7},"end":{"line":67,"column":1}}]},"1":{"type":"branch","line":59,"loc":{"start":{"line":59,"column":18},"end":{"line":59,"column":36}},"locations":[{"start":{"line":59,"column":18},"end":{"line":59,"column":36}}]},"2":{"type":"branch","line":59,"loc":{"start":{"line":59,"column":27},"end":{"line":59,"column":43}},"locations":[{"start":{"line":59,"column":27},"end":{"line":59,"column":43}}]}},"b":{"0":[39],"1":[20],"2":[19]},"fnMap":{"0":{"name":"PanelResizer","decl":{"start":{"line":10,"column":7},"end":{"line":67,"column":1}},"loc":{"start":{"line":10,"column":7},"end":{"line":67,"column":1}},"line":10},"1":{"name":"apply","decl":{"start":{"line":23,"column":16},"end":{"line":29,"column":4}},"loc":{"start":{"line":23,"column":16},"end":{"line":29,"column":4}},"line":23},"2":{"name":"onPointerDown","decl":{"start":{"line":31,"column":24},"end":{"line":36,"column":4}},"loc":{"start":{"line":31,"column":24},"end":{"line":36,"column":4}},"line":31},"3":{"name":"onPointerMove","decl":{"start":{"line":37,"column":24},"end":{"line":39,"column":4}},"loc":{"start":{"line":37,"column":24},"end":{"line":39,"column":4}},"line":37},"4":{"name":"endDrag","decl":{"start":{"line":40,"column":18},"end":{"line":44,"column":4}},"loc":{"start":{"line":40,"column":18},"end":{"line":44,"column":4}},"line":40},"5":{"name":"onDoubleClick","decl":{"start":{"line":54,"column":21},"end":{"line":54,"column":87}},"loc":{"start":{"line":54,"column":21},"end":{"line":54,"column":87}},"line":54}},"f":{"0":39,"1":0,"2":0,"3":0,"4":0,"5":0}}
,"/Users/maohua/Desktop/gi_+repo/ai-video-cut/ui/src/motion.ts": {"path":"/Users/maohua/Desktop/gi_+repo/ai-video-cut/ui/src/motion.ts","all":false,"statementMap":{"2":{"start":{"line":3,"column":0},"end":{"line":3,"column":24}},"3":{"start":{"line":4,"column":0},"end":{"line":4,"column":38}},"5":{"start":{"line":6,"column":0},"end":{"line":6,"column":29}},"10":{"start":{"line":11,"column":0},"end":{"line":11,"column":38}},"11":{"start":{"line":12,"column":0},"end":{"line":12,"column":65}}},"s":{"2":1,"3":1,"5":1,"10":1,"11":29},"branchMap":{"0":{"type":"branch","line":11,"loc":{"start":{"line":11,"column":24},"end":{"line":12,"column":65}},"locations":[{"start":{"line":11,"column":24},"end":{"line":12,"column":65}}]}},"b":{"0":[29]},"fnMap":{"0":{"name":"motionOK","decl":{"start":{"line":11,"column":24},"end":{"line":12,"column":65}},"loc":{"start":{"line":11,"column":24},"end":{"line":12,"column":65}},"line":11}},"f":{"0":29}}
,"/Users/maohua/Desktop/gi_+repo/ai-video-cut/ui/src/panelResize.ts": {"path":"/Users/maohua/Desktop/gi_+repo/ai-video-cut/ui/src/panelResize.ts","all":false,"statementMap":{"4":{"start":{"line":5,"column":0},"end":{"line":5,"column":22}},"5":{"start":{"line":6,"column":0},"end":{"line":6,"column":45}},"6":{"start":{"line":7,"column":0},"end":{"line":7,"column":46}},"7":{"start":{"line":8,"column":0},"end":{"line":8,"column":11}},"13":{"start":{"line":14,"column":0},"end":{"line":14,"column":74}},"14":{"start":{"line":15,"column":0},"end":{"line":15,"column":35}},"15":{"start":{"line":16,"column":0},"end":{"line":16,"column":57}},"16":{"start":{"line":17,"column":0},"end":{"line":17,"column":1}}},"s":{"4":1,"5":1,"6":1,"7":1,"13":1,"14":8,"15":8,"16":8},"branchMap":{"0":{"type":"branch","line":14,"loc":{"start":{"line":14,"column":7},"end":{"line":17,"column":1}},"locations":[{"start":{"line":14,"column":7},"end":{"line":17,"column":1}}]}},"b":{"0":[8]},"fnMap":{"0":{"name":"resolvePanelDrag","decl":{"start":{"line":14,"column":7},"end":{"line":17,"column":1}},"loc":{"start":{"line":14,"column":7},"end":{"line":17,"column":1}},"line":14}},"f":{"0":8}}
,"/Users/maohua/Desktop/gi_+repo/ai-video-cut/ui/src/ws.ts": {"path":"/Users/maohua/Desktop/gi_+repo/ai-video-cut/ui/src/ws.ts","all":false,"statementMap":{"7":{"start":{"line":8,"column":0},"end":{"line":8,"column":49}},"8":{"start":{"line":9,"column":0},"end":{"line":9,"column":45}},"11":{"start":{"line":12,"column":0},"end":{"line":12,"column":75}},"12":{"start":{"line":13,"column":0},"end":{"line":13,"column":43}},"13":{"start":{"line":14,"column":0},"end":{"line":14,"column":1}},"15":{"start":{"line":16,"column":0},"end":{"line":16,"column":36}},"17":{"start":{"line":18,"column":0},"end":{"line":18,"column":63}},"18":{"start":{"line":19,"column":0},"end":{"line":19,"column":55}},"19":{"start":{"line":20,"column":0},"end":{"line":20,"column":37}},"20":{"start":{"line":21,"column":0},"end":{"line":21,"column":30}},"21":{"start":{"line":22,"column":0},"end":{"line":22,"column":45}},"22":{"start":{"line":23,"column":0},"end":{"line":23,"column":3}},"23":{"start":{"line":24,"column":0},"end":{"line":24,"column":1}},"26":{"start":{"line":27,"column":0},"end":{"line":27,"column":65}},"27":{"start":{"line":28,"column":0},"end":{"line":28,"column":70}},"28":{"start":{"line":29,"column":0},"end":{"line":29,"column":1}},"31":{"start":{"line":32,"column":0},"end":{"line":32,"column":63}},"32":{"start":{"line":33,"column":0},"end":{"line":33,"column":40}},"33":{"start":{"line":34,"column":0},"end":{"line":34,"column":1}},"36":{"start":{"line":37,"column":0},"end":{"line":37,"column":92}},"37":{"start":{"line":38,"column":0},"end":{"line":38,"column":91}},"38":{"start":{"line":39,"column":0},"end":{"line":39,"column":1}},"41":{"start":{"line":42,"column":0},"end":{"line":42,"column":59}},"42":{"start":{"line":43,"column":0},"end":{"line":43,"column":66}},"43":{"start":{"line":44,"column":0},"end":{"line":44,"column":1}},"46":{"start":{"line":47,"column":0},"end":{"line":47,"column":50}},"47":{"start":{"line":48,"column":0},"end":{"line":48,"column":68}},"48":{"start":{"line":49,"column":0},"end":{"line":49,"column":1}},"51":{"start":{"line":52,"column":0},"end":{"line":52,"column":67}},"52":{"start":{"line":53,"column":0},"end":{"line":53,"column":19}},"53":{"start":{"line":54,"column":0},"end":{"line":54,"column":22}},"54":{"start":{"line":55,"column":0},"end":{"line":55,"column":34}},"55":{"start":{"line":56,"column":0},"end":{"line":56,"column":16}},"56":{"start":{"line":57,"column":0},"end":{"line":57,"column":23}},"57":{"start":{"line":58,"column":0},"end":{"line":58,"column":19}},"58":{"start":{"line":59,"column":0},"end":{"line":59,"column":47}},"59":{"start":{"line":60,"column":0},"end":{"line":60,"column":50}},"60":{"start":{"line":61,"column":0},"end":{"line":61,"column":6}},"61":{"start":{"line":62,"column":0},"end":{"line":62,"column":28}},"62":{"start":{"line":63,"column":0},"end":{"line":63,"column":63}},"63":{"start":{"line":64,"column":0},"end":{"line":64,"column":40}},"64":{"start":{"line":65,"column":0},"end":{"line":65,"column":64}},"65":{"start":{"line":66,"column":0},"end":{"line":66,"column":15}},"66":{"start":{"line":67,"column":0},"end":{"line":67,"column":7}},"67":{"start":{"line":68,"column":0},"end":{"line":68,"column":67}},"68":{"start":{"line":69,"column":0},"end":{"line":69,"column":52}},"69":{"start":{"line":70,"column":0},"end":{"line":70,"column":7}},"70":{"start":{"line":71,"column":0},"end":{"line":71,"column":6}},"71":{"start":{"line":72,"column":0},"end":{"line":72,"column":24}},"72":{"start":{"line":73,"column":0},"end":{"line":73,"column":48}},"73":{"start":{"line":74,"column":0},"end":{"line":74,"column":39}},"74":{"start":{"line":75,"column":0},"end":{"line":75,"column":30}},"75":{"start":{"line":76,"column":0},"end":{"line":76,"column":42}},"76":{"start":{"line":77,"column":0},"end":{"line":77,"column":6}},"77":{"start":{"line":78,"column":0},"end":{"line":78,"column":34}},"78":{"start":{"line":79,"column":0},"end":{"line":79,"column":4}},"79":{"start":{"line":80,"column":0},"end":{"line":80,"column":9}},"80":{"start":{"line":81,"column":0},"end":{"line":81,"column":1}}},"s":{"7":1,"8":1,"11":1,"12":174,"13":174,"15":1,"17":0,"18":0,"19":0,"20":0,"21":0,"22":0,"23":0,"26":1,"27":0,"28":0,"31":1,"32":0,"33":0,"36":1,"37":0,"38":0,"41":1,"42":0,"43":0,"46":1,"47":0,"48":0,"51":1,"52":0,"53":0,"54":0,"55":0,"56":0,"57":0,"58":0,"59":0,"60":0,"61":0,"62":0,"63":0,"64":0,"65":0,"66":0,"67":0,"68":0,"69":0,"70":0,"71":0,"72":0,"73":0,"74":0,"75":0,"76":0,"77":0,"78":0,"79":0,"80":0},"branchMap":{"0":{"type":"branch","line":12,"loc":{"start":{"line":12,"column":7},"end":{"line":14,"column":1}},"locations":[{"start":{"line":12,"column":7},"end":{"line":14,"column":1}}]},"1":{"type":"branch","line":13,"loc":{"start":{"line":13,"column":21},"end":{"line":13,"column":40}},"locations":[{"start":{"line":13,"column":21},"end":{"line":13,"column":40}}]}},"b":{"0":[174],"1":[0]},"fnMap":{"0":{"name":"mediaUrl","decl":{"start":{"line":12,"column":7},"end":{"line":14,"column":1}},"loc":{"start":{"line":12,"column":7},"end":{"line":14,"column":1}},"line":12},"1":{"name":"sendMsg","decl":{"start":{"line":18,"column":0},"end":{"line":24,"column":1}},"loc":{"start":{"line":18,"column":0},"end":{"line":24,"column":1}},"line":18},"2":{"name":"sendCommand","decl":{"start":{"line":27,"column":7},"end":{"line":29,"column":1}},"loc":{"start":{"line":27,"column":7},"end":{"line":29,"column":1}},"line":27},"3":{"name":"sendContext","decl":{"start":{"line":32,"column":7},"end":{"line":34,"column":1}},"loc":{"start":{"line":32,"column":7},"end":{"line":34,"column":1}},"line":32},"4":{"name":"sendReviewResolve","decl":{"start":{"line":37,"column":7},"end":{"line":39,"column":1}},"loc":{"start":{"line":37,"column":7},"end":{"line":39,"column":1}},"line":37},"5":{"name":"sendRender","decl":{"start":{"line":42,"column":7},"end":{"line":44,"column":1}},"loc":{"start":{"line":42,"column":7},"end":{"line":44,"column":1}},"line":42},"6":{"name":"sendSetCover","decl":{"start":{"line":47,"column":7},"end":{"line":49,"column":1}},"loc":{"start":{"line":47,"column":7},"end":{"line":49,"column":1}},"line":47},"7":{"name":"connectWs","decl":{"start":{"line":52,"column":7},"end":{"line":81,"column":1}},"loc":{"start":{"line":52,"column":7},"end":{"line":81,"column":1}},"line":52}},"f":{"0":174,"1":0,"2":0,"3":0,"4":0,"5":0,"6":0,"7":0}}
,"/Users/maohua/Desktop/gi_+repo/ai-video-cut/ui/src/panels/Activity.tsx": {"path":"/Users/maohua/Desktop/gi_+repo/ai-video-cut/ui/src/panels/Activity.tsx","all":false,"statementMap":{"0":{"start":{"line":1,"column":0},"end":{"line":1,"column":37}},"1":{"start":{"line":2,"column":0},"end":{"line":2,"column":52}},"2":{"start":{"line":3,"column":0},"end":{"line":3,"column":39}},"5":{"start":{"line":6,"column":0},"end":{"line":6,"column":28}},"6":{"start":{"line":7,"column":0},"end":{"line":7,"column":48}},"7":{"start":{"line":8,"column":0},"end":{"line":8,"column":53}},"8":{"start":{"line":9,"column":0},"end":{"line":9,"column":10}},"9":{"start":{"line":10,"column":0},"end":{"line":10,"column":78}},"10":{"start":{"line":11,"column":0},"end":{"line":11,"column":10}},"11":{"start":{"line":12,"column":0},"end":{"line":12,"column":16}},"12":{"start":{"line":13,"column":0},"end":{"line":13,"column":26}},"13":{"start":{"line":14,"column":0},"end":{"line":14,"column":31}},"14":{"start":{"line":15,"column":0},"end":{"line":15,"column":17}},"15":{"start":{"line":16,"column":0},"end":{"line":16,"column":21}},"16":{"start":{"line":17,"column":0},"end":{"line":17,"column":48}},"17":{"start":{"line":18,"column":0},"end":{"line":18,"column":10}},"19":{"start":{"line":20,"column":0},"end":{"line":20,"column":15}},"20":{"start":{"line":21,"column":0},"end":{"line":21,"column":30}},"21":{"start":{"line":22,"column":0},"end":{"line":22,"column":65}},"22":{"start":{"line":23,"column":0},"end":{"line":23,"column":23}},"24":{"start":{"line":25,"column":0},"end":{"line":25,"column":34}},"25":{"start":{"line":26,"column":0},"end":{"line":26,"column":17}},"26":{"start":{"line":27,"column":0},"end":{"line":27,"column":12}},"27":{"start":{"line":28,"column":0},"end":{"line":28,"column":76}},"28":{"start":{"line":29,"column":0},"end":{"line":29,"column":93}},"29":{"start":{"line":30,"column":0},"end":{"line":30,"column":28}},"30":{"start":{"line":31,"column":0},"end":{"line":31,"column":14}},"31":{"start":{"line":32,"column":0},"end":{"line":32,"column":27}},"32":{"start":{"line":33,"column":0},"end":{"line":33,"column":20}},"33":{"start":{"line":34,"column":0},"end":{"line":34,"column":30}},"34":{"start":{"line":35,"column":0},"end":{"line":35,"column":21}},"35":{"start":{"line":36,"column":0},"end":{"line":36,"column":31}},"36":{"start":{"line":37,"column":0},"end":{"line":37,"column":75}},"37":{"start":{"line":38,"column":0},"end":{"line":38,"column":14}},"39":{"start":{"line":40,"column":0},"end":{"line":40,"column":76}},"40":{"start":{"line":41,"column":0},"end":{"line":41,"column":98}},"41":{"start":{"line":42,"column":0},"end":{"line":42,"column":34}},"42":{"start":{"line":43,"column":0},"end":{"line":43,"column":16}},"43":{"start":{"line":44,"column":0},"end":{"line":44,"column":11}},"44":{"start":{"line":45,"column":0},"end":{"line":45,"column":12}},"45":{"start":{"line":46,"column":0},"end":{"line":46,"column":10}},"47":{"start":{"line":48,"column":0},"end":{"line":48,"column":1}}},"s":{"0":1,"1":1,"2":1,"5":1,"6":3,"7":3,"8":3,"9":3,"10":3,"11":3,"12":3,"13":3,"14":3,"15":3,"16":3,"17":3,"19":3,"20":3,"21":3,"22":3,"24":3,"25":3,"26":3,"27":3,"28":3,"29":3,"30":0,"31":0,"32":0,"33":0,"34":0,"35":0,"36":0,"37":0,"39":0,"40":0,"41":0,"42":0,"43":3,"44":3,"45":3,"47":3},"branchMap":{"0":{"type":"branch","line":6,"loc":{"start":{"line":6,"column":7},"end":{"line":48,"column":1}},"locations":[{"start":{"line":6,"column":7},"end":{"line":48,"column":1}}]},"1":{"type":"branch","line":7,"loc":{"start":{"line":7,"column":30},"end":{"line":7,"column":46}},"locations":[{"start":{"line":7,"column":30},"end":{"line":7,"column":46}}]}},"b":{"0":[3],"1":[9]},"fnMap":{"0":{"name":"Activity","decl":{"start":{"line":6,"column":7},"end":{"line":48,"column":1}},"loc":{"start":{"line":6,"column":7},"end":{"line":48,"column":1}},"line":6},"1":{"name":"onClick","decl":{"start":{"line":22,"column":19},"end":{"line":22,"column":65}},"loc":{"start":{"line":22,"column":19},"end":{"line":22,"column":65}},"line":22}},"f":{"0":3,"1":0}}
,"/Users/maohua/Desktop/gi_+repo/ai-video-cut/ui/src/panels/CaptionList.tsx": {"path":"/Users/maohua/Desktop/gi_+repo/ai-video-cut/ui/src/panels/CaptionList.tsx","all":false,"statementMap":{"0":{"start":{"line":1,"column":0},"end":{"line":1,"column":52}},"1":{"start":{"line":2,"column":0},"end":{"line":2,"column":40}},"2":{"start":{"line":3,"column":0},"end":{"line":3,"column":87}},"3":{"start":{"line":4,"column":0},"end":{"line":4,"column":50}},"4":{"start":{"line":5,"column":0},"end":{"line":5,"column":52}},"5":{"start":{"line":6,"column":0},"end":{"line":6,"column":54}},"6":{"start":{"line":7,"column":0},"end":{"line":7,"column":39}},"8":{"start":{"line":9,"column":0},"end":{"line":9,"column":33}},"9":{"start":{"line":10,"column":0},"end":{"line":10,"column":31}},"10":{"start":{"line":11,"column":0},"end":{"line":11,"column":23}},"11":{"start":{"line":12,"column":0},"end":{"line":12,"column":49}},"12":{"start":{"line":13,"column":0},"end":{"line":13,"column":1}},"26":{"start":{"line":27,"column":0},"end":{"line":27,"column":38}},"28":{"start":{"line":29,"column":0},"end":{"line":29,"column":31}},"29":{"start":{"line":30,"column":0},"end":{"line":30,"column":76}},"30":{"start":{"line":31,"column":0},"end":{"line":31,"column":51}},"31":{"start":{"line":32,"column":0},"end":{"line":32,"column":80}},"35":{"start":{"line":36,"column":0},"end":{"line":36,"column":32}},"36":{"start":{"line":37,"column":0},"end":{"line":37,"column":96}},"37":{"start":{"line":38,"column":0},"end":{"line":38,"column":4}},"38":{"start":{"line":39,"column":0},"end":{"line":39,"column":40}},"39":{"start":{"line":40,"column":0},"end":{"line":40,"column":57}},"40":{"start":{"line":41,"column":0},"end":{"line":41,"column":52}},"41":{"start":{"line":42,"column":0},"end":{"line":42,"column":5}},"42":{"start":{"line":43,"column":0},"end":{"line":43,"column":53}},"45":{"start":{"line":46,"column":0},"end":{"line":46,"column":19}},"46":{"start":{"line":47,"column":0},"end":{"line":47,"column":43}},"47":{"start":{"line":48,"column":0},"end":{"line":48,"column":23}},"48":{"start":{"line":49,"column":0},"end":{"line":49,"column":47}},"49":{"start":{"line":50,"column":0},"end":{"line":50,"column":7}},"50":{"start":{"line":51,"column":0},"end":{"line":51,"column":18}},"52":{"start":{"line":53,"column":0},"end":{"line":53,"column":40}},"53":{"start":{"line":54,"column":0},"end":{"line":54,"column":46}},"54":{"start":{"line":55,"column":0},"end":{"line":55,"column":35}},"55":{"start":{"line":56,"column":0},"end":{"line":56,"column":19}},"56":{"start":{"line":57,"column":0},"end":{"line":57,"column":49}},"57":{"start":{"line":58,"column":0},"end":{"line":58,"column":17}},"58":{"start":{"line":59,"column":0},"end":{"line":59,"column":28}},"59":{"start":{"line":60,"column":0},"end":{"line":60,"column":17}},"61":{"start":{"line":62,"column":0},"end":{"line":62,"column":34}},"62":{"start":{"line":63,"column":0},"end":{"line":63,"column":7}},"63":{"start":{"line":64,"column":0},"end":{"line":64,"column":4}},"65":{"start":{"line":66,"column":0},"end":{"line":66,"column":52}},"66":{"start":{"line":67,"column":0},"end":{"line":67,"column":91}},"67":{"start":{"line":68,"column":0},"end":{"line":68,"column":4}},"69":{"start":{"line":70,"column":0},"end":{"line":70,"column":31}},"70":{"start":{"line":71,"column":0},"end":{"line":71,"column":76}},"71":{"start":{"line":72,"column":0},"end":{"line":72,"column":20}},"72":{"start":{"line":73,"column":0},"end":{"line":73,"column":19}},"73":{"start":{"line":74,"column":0},"end":{"line":74,"column":28}},"74":{"start":{"line":75,"column":0},"end":{"line":75,"column":69}},"75":{"start":{"line":76,"column":0},"end":{"line":76,"column":9}},"76":{"start":{"line":77,"column":0},"end":{"line":77,"column":5}},"77":{"start":{"line":78,"column":0},"end":{"line":78,"column":4}},"79":{"start":{"line":80,"column":0},"end":{"line":80,"column":74}},"81":{"start":{"line":82,"column":0},"end":{"line":82,"column":10}},"82":{"start":{"line":83,"column":0},"end":{"line":83,"column":91}},"83":{"start":{"line":84,"column":0},"end":{"line":84,"column":31}},"84":{"start":{"line":85,"column":0},"end":{"line":85,"column":12}},"85":{"start":{"line":86,"column":0},"end":{"line":86,"column":18}},"86":{"start":{"line":87,"column":0},"end":{"line":87,"column":28}},"87":{"start":{"line":88,"column":0},"end":{"line":88,"column":33}},"88":{"start":{"line":89,"column":0},"end":{"line":89,"column":19}},"89":{"start":{"line":90,"column":0},"end":{"line":90,"column":23}},"90":{"start":{"line":91,"column":0},"end":{"line":91,"column":50}},"91":{"start":{"line":92,"column":0},"end":{"line":92,"column":29}},"92":{"start":{"line":93,"column":0},"end":{"line":93,"column":12}},"94":{"start":{"line":95,"column":0},"end":{"line":95,"column":17}},"95":{"start":{"line":96,"column":0},"end":{"line":96,"column":63}},"96":{"start":{"line":97,"column":0},"end":{"line":97,"column":58}},"97":{"start":{"line":98,"column":0},"end":{"line":98,"column":11}},"99":{"start":{"line":100,"column":0},"end":{"line":100,"column":19}},"100":{"start":{"line":101,"column":0},"end":{"line":101,"column":25}},"101":{"start":{"line":102,"column":0},"end":{"line":102,"column":98}},"103":{"start":{"line":104,"column":0},"end":{"line":104,"column":21}},"105":{"start":{"line":106,"column":0},"end":{"line":106,"column":14}},"108":{"start":{"line":109,"column":0},"end":{"line":109,"column":64}},"109":{"start":{"line":110,"column":0},"end":{"line":110,"column":35}},"110":{"start":{"line":111,"column":0},"end":{"line":111,"column":63}},"111":{"start":{"line":112,"column":0},"end":{"line":112,"column":96}},"113":{"start":{"line":114,"column":0},"end":{"line":114,"column":16}},"115":{"start":{"line":116,"column":0},"end":{"line":116,"column":32}},"116":{"start":{"line":117,"column":0},"end":{"line":117,"column":49}},"117":{"start":{"line":118,"column":0},"end":{"line":118,"column":84}},"118":{"start":{"line":119,"column":0},"end":{"line":119,"column":52}},"119":{"start":{"line":120,"column":0},"end":{"line":120,"column":18}},"120":{"start":{"line":121,"column":0},"end":{"line":121,"column":16}},"121":{"start":{"line":122,"column":0},"end":{"line":122,"column":26}},"122":{"start":{"line":123,"column":0},"end":{"line":123,"column":57}},"123":{"start":{"line":124,"column":0},"end":{"line":124,"column":33}},"124":{"start":{"line":125,"column":0},"end":{"line":125,"column":93}},"125":{"start":{"line":126,"column":0},"end":{"line":126,"column":22}},"126":{"start":{"line":127,"column":0},"end":{"line":127,"column":32}},"127":{"start":{"line":128,"column":0},"end":{"line":128,"column":23}},"128":{"start":{"line":129,"column":0},"end":{"line":129,"column":35}},"129":{"start":{"line":130,"column":0},"end":{"line":130,"column":54}},"130":{"start":{"line":131,"column":0},"end":{"line":131,"column":38}},"131":{"start":{"line":132,"column":0},"end":{"line":132,"column":40}},"132":{"start":{"line":133,"column":0},"end":{"line":133,"column":29}},"133":{"start":{"line":134,"column":0},"end":{"line":134,"column":48}},"134":{"start":{"line":135,"column":0},"end":{"line":135,"column":32}},"135":{"start":{"line":136,"column":0},"end":{"line":136,"column":34}},"136":{"start":{"line":137,"column":0},"end":{"line":137,"column":16}},"138":{"start":{"line":139,"column":0},"end":{"line":139,"column":21}},"139":{"start":{"line":140,"column":0},"end":{"line":140,"column":33}},"140":{"start":{"line":141,"column":0},"end":{"line":141,"column":38}},"141":{"start":{"line":142,"column":0},"end":{"line":142,"column":57}},"142":{"start":{"line":143,"column":0},"end":{"line":143,"column":18}},"143":{"start":{"line":144,"column":0},"end":{"line":144,"column":44}},"144":{"start":{"line":145,"column":0},"end":{"line":145,"column":32}},"145":{"start":{"line":146,"column":0},"end":{"line":146,"column":40}},"147":{"start":{"line":148,"column":0},"end":{"line":148,"column":32}},"148":{"start":{"line":149,"column":0},"end":{"line":149,"column":23}},"149":{"start":{"line":150,"column":0},"end":{"line":150,"column":39}},"150":{"start":{"line":151,"column":0},"end":{"line":151,"column":22}},"151":{"start":{"line":152,"column":0},"end":{"line":152,"column":27}},"152":{"start":{"line":153,"column":0},"end":{"line":153,"column":36}},"153":{"start":{"line":154,"column":0},"end":{"line":154,"column":82}},"154":{"start":{"line":155,"column":0},"end":{"line":155,"column":44}},"155":{"start":{"line":156,"column":0},"end":{"line":156,"column":37}},"156":{"start":{"line":157,"column":0},"end":{"line":157,"column":55}},"157":{"start":{"line":158,"column":0},"end":{"line":158,"column":59}},"158":{"start":{"line":159,"column":0},"end":{"line":159,"column":20}},"159":{"start":{"line":160,"column":0},"end":{"line":160,"column":50}},"160":{"start":{"line":161,"column":0},"end":{"line":161,"column":18}},"162":{"start":{"line":163,"column":0},"end":{"line":163,"column":20}},"163":{"start":{"line":164,"column":0},"end":{"line":164,"column":80}},"164":{"start":{"line":165,"column":0},"end":{"line":165,"column":46}},"165":{"start":{"line":166,"column":0},"end":{"line":166,"column":75}},"167":{"start":{"line":168,"column":0},"end":{"line":168,"column":67}},"168":{"start":{"line":169,"column":0},"end":{"line":169,"column":50}},"169":{"start":{"line":170,"column":0},"end":{"line":170,"column":29}},"170":{"start":{"line":171,"column":0},"end":{"line":171,"column":33}},"171":{"start":{"line":172,"column":0},"end":{"line":172,"column":34}},"172":{"start":{"line":173,"column":0},"end":{"line":173,"column":34}},"173":{"start":{"line":174,"column":0},"end":{"line":174,"column":96}},"174":{"start":{"line":175,"column":0},"end":{"line":175,"column":28}},"176":{"start":{"line":177,"column":0},"end":{"line":177,"column":36}},"177":{"start":{"line":178,"column":0},"end":{"line":178,"column":31}},"178":{"start":{"line":179,"column":0},"end":{"line":179,"column":24}},"179":{"start":{"line":180,"column":0},"end":{"line":180,"column":31}},"180":{"start":{"line":181,"column":0},"end":{"line":181,"column":22}},"182":{"start":{"line":183,"column":0},"end":{"line":183,"column":21}},"183":{"start":{"line":184,"column":0},"end":{"line":184,"column":33}},"184":{"start":{"line":185,"column":0},"end":{"line":185,"column":38}},"185":{"start":{"line":186,"column":0},"end":{"line":186,"column":31}},"186":{"start":{"line":187,"column":0},"end":{"line":187,"column":40}},"187":{"start":{"line":188,"column":0},"end":{"line":188,"column":70}},"188":{"start":{"line":189,"column":0},"end":{"line":189,"column":21}},"189":{"start":{"line":190,"column":0},"end":{"line":190,"column":18}},"190":{"start":{"line":191,"column":0},"end":{"line":191,"column":43}},"191":{"start":{"line":192,"column":0},"end":{"line":192,"column":15}},"193":{"start":{"line":194,"column":0},"end":{"line":194,"column":23}},"194":{"start":{"line":195,"column":0},"end":{"line":195,"column":18}},"196":{"start":{"line":197,"column":0},"end":{"line":197,"column":11}},"197":{"start":{"line":198,"column":0},"end":{"line":198,"column":12}},"198":{"start":{"line":199,"column":0},"end":{"line":199,"column":10}},"200":{"start":{"line":201,"column":0},"end":{"line":201,"column":1}}},"s":{"0":1,"1":1,"2":1,"3":1,"4":1,"5":1,"6":1,"8":74,"9":74,"10":74,"11":74,"12":74,"26":1,"28":1,"29":42,"30":42,"31":42,"35":42,"36":42,"37":42,"38":42,"39":143,"40":143,"41":42,"42":42,"45":42,"46":32,"47":32,"48":32,"49":32,"50":42,"52":42,"53":1,"54":1,"55":1,"56":1,"57":1,"58":1,"59":1,"61":1,"62":1,"63":1,"65":42,"66":1,"67":1,"69":42,"70":1,"71":1,"72":1,"73":1,"74":1,"75":1,"76":1,"77":1,"79":42,"81":42,"82":42,"83":42,"84":37,"85":37,"86":37,"87":37,"88":37,"89":37,"90":37,"91":37,"92":37,"94":37,"95":37,"96":37,"97":37,"99":37,"100":37,"101":37,"103":37,"105":37,"108":42,"109":42,"110":5,"111":5,"113":5,"115":42,"116":74,"117":74,"118":74,"119":74,"120":74,"121":74,"122":74,"123":74,"124":74,"125":74,"126":74,"127":74,"128":74,"129":74,"130":74,"131":0,"132":74,"133":8,"134":66,"135":74,"136":74,"138":74,"139":74,"140":0,"141":0,"142":0,"143":74,"144":74,"145":74,"147":74,"148":74,"149":74,"150":4,"151":4,"152":4,"153":4,"154":4,"155":4,"156":2,"157":2,"158":2,"159":4,"160":4,"162":70,"163":70,"164":70,"165":70,"167":70,"168":0,"169":0,"170":0,"171":0,"172":0,"173":0,"174":0,"176":0,"177":0,"178":0,"179":70,"180":70,"182":74,"183":74,"184":1,"185":1,"186":1,"187":1,"188":1,"189":1,"190":74,"191":74,"193":74,"194":74,"196":42,"197":42,"198":42,"200":42},"branchMap":{"0":{"type":"branch","line":9,"loc":{"start":{"line":9,"column":0},"end":{"line":13,"column":1}},"locations":[{"start":{"line":9,"column":0},"end":{"line":13,"column":1}}]},"1":{"type":"branch","line":29,"loc":{"start":{"line":29,"column":7},"end":{"line":201,"column":1}},"locations":[{"start":{"line":29,"column":7},"end":{"line":201,"column":1}}]},"2":{"type":"branch","line":84,"loc":{"start":{"line":84,"column":25},"end":{"line":106,"column":14}},"locations":[{"start":{"line":84,"column":25},"end":{"line":106,"column":14}}]},"3":{"type":"branch","line":110,"loc":{"start":{"line":110,"column":29},"end":{"line":114,"column":16}},"locations":[{"start":{"line":110,"column":29},"end":{"line":114,"column":16}}]},"4":{"type":"branch","line":30,"loc":{"start":{"line":30,"column":30},"end":{"line":30,"column":74}},"locations":[{"start":{"line":30,"column":30},"end":{"line":30,"column":74}}]},"5":{"type":"branch","line":30,"loc":{"start":{"line":30,"column":39},"end":{"line":30,"column":51}},"locations":[{"start":{"line":30,"column":39},"end":{"line":30,"column":51}}]},"6":{"type":"branch","line":30,"loc":{"start":{"line":30,"column":51},"end":{"line":30,"column":74}},"locations":[{"start":{"line":30,"column":51},"end":{"line":30,"column":74}}]},"7":{"type":"branch","line":31,"loc":{"start":{"line":31,"column":32},"end":{"line":31,"column":49}},"locations":[{"start":{"line":31,"column":32},"end":{"line":31,"column":49}}]},"8":{"type":"branch","line":37,"loc":{"start":{"line":37,"column":4},"end":{"line":37,"column":96}},"locations":[{"start":{"line":37,"column":4},"end":{"line":37,"column":96}}]},"9":{"type":"branch","line":37,"loc":{"start":{"line":37,"column":82},"end":{"line":37,"column":91}},"locations":[{"start":{"line":37,"column":82},"end":{"line":37,"column":91}}]},"10":{"type":"branch","line":37,"loc":{"start":{"line":37,"column":85},"end":{"line":37,"column":96}},"locations":[{"start":{"line":37,"column":85},"end":{"line":37,"column":96}}]},"11":{"type":"branch","line":37,"loc":{"start":{"line":37,"column":25},"end":{"line":37,"column":82}},"locations":[{"start":{"line":37,"column":25},"end":{"line":37,"column":82}}]},"12":{"type":"branch","line":37,"loc":{"start":{"line":37,"column":44},"end":{"line":37,"column":82}},"locations":[{"start":{"line":37,"column":44},"end":{"line":37,"column":82}}]},"13":{"type":"branch","line":39,"loc":{"start":{"line":39,"column":32},"end":{"line":42,"column":3}},"locations":[{"start":{"line":39,"column":32},"end":{"line":42,"column":3}}]},"14":{"type":"branch","line":41,"loc":{"start":{"line":41,"column":11},"end":{"line":41,"column":49}},"locations":[{"start":{"line":41,"column":11},"end":{"line":41,"column":49}}]},"15":{"type":"branch","line":41,"loc":{"start":{"line":41,"column":45},"end":{"line":41,"column":52}},"locations":[{"start":{"line":41,"column":45},"end":{"line":41,"column":52}}]},"16":{"type":"branch","line":40,"loc":{"start":{"line":40,"column":30},"end":{"line":40,"column":55}},"locations":[{"start":{"line":40,"column":30},"end":{"line":40,"column":55}}]},"17":{"type":"branch","line":46,"loc":{"start":{"line":46,"column":12},"end":{"line":51,"column":5}},"locations":[{"start":{"line":46,"column":12},"end":{"line":51,"column":5}}]},"18":{"type":"branch","line":47,"loc":{"start":{"line":47,"column":18},"end":{"line":47,"column":42}},"locations":[{"start":{"line":47,"column":18},"end":{"line":47,"column":42}}]},"19":{"type":"branch","line":49,"loc":{"start":{"line":49,"column":25},"end":{"line":49,"column":40}},"locations":[{"start":{"line":49,"column":25},"end":{"line":49,"column":40}}]},"20":{"type":"branch","line":49,"loc":{"start":{"line":49,"column":29},"end":{"line":49,"column":47}},"locations":[{"start":{"line":49,"column":29},"end":{"line":49,"column":47}}]},"21":{"type":"branch","line":53,"loc":{"start":{"line":53,"column":17},"end":{"line":64,"column":4}},"locations":[{"start":{"line":53,"column":17},"end":{"line":64,"column":4}}]},"22":{"type":"branch","line":54,"loc":{"start":{"line":54,"column":39},"end":{"line":54,"column":46}},"locations":[{"start":{"line":54,"column":39},"end":{"line":54,"column":46}}]},"23":{"type":"branch","line":57,"loc":{"start":{"line":57,"column":42},"end":{"line":57,"column":49}},"locations":[{"start":{"line":57,"column":42},"end":{"line":57,"column":49}}]},"24":{"type":"branch","line":66,"loc":{"start":{"line":66,"column":26},"end":{"line":68,"column":4}},"locations":[{"start":{"line":66,"column":26},"end":{"line":68,"column":4}}]},"25":{"type":"branch","line":67,"loc":{"start":{"line":67,"column":62},"end":{"line":67,"column":86}},"locations":[{"start":{"line":67,"column":62},"end":{"line":67,"column":86}}]},"26":{"type":"branch","line":70,"loc":{"start":{"line":70,"column":24},"end":{"line":78,"column":4}},"locations":[{"start":{"line":70,"column":24},"end":{"line":78,"column":4}}]},"27":{"type":"branch","line":71,"loc":{"start":{"line":71,"column":36},"end":{"line":71,"column":74}},"locations":[{"start":{"line":71,"column":36},"end":{"line":71,"column":74}}]},"28":
[...]
e":101,"column":0},"end":{"line":101,"column":63}},"101":{"start":{"line":102,"column":0},"end":{"line":102,"column":1}},"104":{"start":{"line":105,"column":0},"end":{"line":105,"column":28}},"105":{"start":{"line":106,"column":0},"end":{"line":106,"column":29}},"106":{"start":{"line":107,"column":0},"end":{"line":107,"column":19}},"107":{"start":{"line":108,"column":0},"end":{"line":108,"column":23}},"108":{"start":{"line":109,"column":0},"end":{"line":109,"column":25}},"109":{"start":{"line":110,"column":0},"end":{"line":110,"column":38}},"110":{"start":{"line":111,"column":0},"end":{"line":111,"column":68}},"111":{"start":{"line":112,"column":0},"end":{"line":112,"column":57}},"112":{"start":{"line":113,"column":0},"end":{"line":113,"column":1}},"118":{"start":{"line":119,"column":0},"end":{"line":119,"column":28}},"119":{"start":{"line":120,"column":0},"end":{"line":120,"column":53}},"120":{"start":{"line":121,"column":0},"end":{"line":121,"column":19}},"121":{"start":{"line":122,"column":0},"end":{"line":122,"column":52}},"122":{"start":{"line":123,"column":0},"end":{"line":123,"column":69}},"123":{"start":{"line":124,"column":0},"end":{"line":124,"column":63}},"124":{"start":{"line":125,"column":0},"end":{"line":125,"column":61}},"125":{"start":{"line":126,"column":0},"end":{"line":126,"column":72}},"126":{"start":{"line":127,"column":0},"end":{"line":127,"column":1}}},"s":{"2":1,"8":1,"9":4,"10":4,"11":4,"12":4,"13":4,"14":4,"15":4,"16":4,"22":1,"23":4,"24":4,"25":4,"26":4,"27":4,"28":4,"29":4,"30":4,"36":1,"37":3,"38":3,"39":3,"40":3,"41":3,"42":3,"44":3,"45":3,"46":5,"47":5,"48":5,"49":5,"50":2,"51":2,"52":2,"53":5,"54":5,"55":5,"56":5,"57":5,"64":1,"65":84,"66":84,"67":84,"68":84,"69":84,"70":84,"71":84,"72":84,"73":84,"74":171,"75":171,"76":171,"77":84,"78":84,"85":1,"86":14,"87":14,"93":1,"94":5,"95":5,"96":5,"97":5,"98":5,"99":5,"100":5,"101":5,"104":1,"105":4,"106":4,"107":4,"108":4,"109":4,"110":4,"111":4,"112":4,"118":1,"119":6,"120":6,"121":6,"122":6,"123":6,"124":6,"125":6,"126":6},"branchMap":{"0":{"type":"branch","line":9,"loc":{"start":{"line":9,"column":7},"end":{"line":17,"column":1}},"locations":[{"start":{"line":9,"column":7},"end":{"line":17,"column":1}}]},"1":{"type":"branch","line":23,"loc":{"start":{"line":23,"column":7},"end":{"line":31,"column":1}},"locations":[{"start":{"line":23,"column":7},"end":{"line":31,"column":1}}]},"2":{"type":"branch","line":37,"loc":{"start":{"line":37,"column":7},"end":{"line":58,"column":1}},"locations":[{"start":{"line":37,"column":7},"end":{"line":58,"column":1}}]},"3":{"type":"branch","line":46,"loc":{"start":{"line":46,"column":42},"end":{"line":58,"column":1}},"locations":[{"start":{"line":46,"column":42},"end":{"line":58,"column":1}}]},"4":{"type":"branch","line":48,"loc":{"start":{"line":48,"column":14},"end":{"line":48,"column":23}},"locations":[{"start":{"line":48,"column":14},"end":{"line":48,"column":23}}]},"5":{"type":"branch","line":50,"loc":{"start":{"line":50,"column":27},"end":{"line":53,"column":5}},"locations":[{"start":{"line":50,"column":27},"end":{"line":53,"column":5}}]},"6":{"type":"branch","line":43,"loc":{"start":{"line":43,"column":30},"end":{"line":43,"column":55}},"locations":[{"start":{"line":43,"column":30},"end":{"line":43,"column":55}}]},"7":{"type":"branch","line":47,"loc":{"start":{"line":47,"column":32},"end":{"line":47,"column":57}},"locations":[{"start":{"line":47,"column":32},"end":{"line":47,"column":57}}]},"8":{"type":"branch","line":65,"loc":{"start":{"line":65,"column":7},"end":{"line":79,"column":1}},"locations":[{"start":{"line":65,"column":7},"end":{"line":79,"column":1}}]},"9":{"type":"branch","line":71,"loc":{"start":{"line":71,"column":18},"end":{"line":71,"column":91}},"locations":[{"start":{"line":71,"column":18},"end":{"line":71,"column":91}}]},"10":{"type":"branch","line":71,"loc":{"start":{"line":71,"column":87},"end":{"line":71,"column":97}},"locations":[{"start":{"line":71,"column":87},"end":{"line":71,"column":97}}]},"11":{"type":"branch","line":74,"loc":{"start":{"line":74,"column":27},"end":{"line":77,"column":3}},"locations":[{"start":{"line":74,"column":27},"end":{"line":77,"column":3}}]},"12":{"type":"branch","line":70,"loc":{"start":{"line":70,"column":33},"end":{"line":70,"column":49}},"locations":[{"start":{"line":70,"column":33},"end":{"line":70,"column":49}}]},"13":{"type":"branch","line":71,"loc":{"start":{"line":71,"column":36},"end":{"line":71,"column":56}},"locations":[{"start":{"line":71,"column":36},"end":{"line":71,"column":56}}]},"14":{"type":"branch","line":71,"loc":{"start":{"line":71,"column":65},"end":{"line":71,"column":87}},"locations":[{"start":{"line":71,"column":65},"end":{"line":71,"column":87}}]},"15":{"type":"branch","line":86,"loc":{"start":{"line":86,"column":7},"end":{"line":88,"column":1}},"locations":[{"start":{"line":86,"column":7},"end":{"line":88,"column":1}}]},"16":{"type":"branch","line":94,"loc":{"start":{"line":94,"column":7},"end":{"line":102,"column":1}},"locations":[{"start":{"line":94,"column":7},"end":{"line":102,"column":1}}]},"17":{"type":"branch","line":105,"loc":{"start":{"line":105,"column":7},"end":{"line":113,"column":1}},"locations":[{"start":{"line":105,"column":7},"end":{"line":113,"column":1}}]},"18":{"type":"branch","line":111,"loc":{"start":{"line":111,"column":33},"end":{"line":111,"column":68}},"locations":[{"start":{"line":111,"column":33},"end":{"line":111,"column":68}}]},"19":{"type":"branch","line":119,"loc":{"start":{"line":119,"column":7},"end":{"line":127,"column":1}},"locations":[{"start":{"line":119,"column":7},"end":{"line":127,"column":1}}]}},"b":{"0":[4],"1":[4],"2":[3],"3":[5],"4":[0],"5":[2],"6":[9],"7":[9],"8":[84],"9":[2],"10":[82],"11":[171],"12":[171],"13":[7],"14":[7],"15":[14],"16":[5],"17":[4],"18":[1],"19":[6]},"fnMap":{"0":{"name":"trimIn","decl":{"start":{"line":9,"column":7},"end":{"line":17,"column":1}},"loc":{"start":{"line":9,"column":7},"end":{"line":17,"column":1}},"line":9},"1":{"name":"trimOut","decl":{"start":{"line":23,"column":7},"end":{"line":31,"column":1}},"loc":{"start":{"line":23,"column":7},"end":{"line":31,"column":1}},"line":23},"2":{"name":"reorderByDrag","decl":{"start":{"line":37,"column":7},"end":{"line":58,"column":1}},"loc":{"start":{"line":37,"column":7},"end":{"line":58,"column":1}},"line":37},"3":{"name":"layoutByOrder","decl":{"start":{"line":65,"column":7},"end":{"line":79,"column":1}},"loc":{"start":{"line":65,"column":7},"end":{"line":79,"column":1}},"line":65},"4":{"name":"clampStart","decl":{"start":{"line":86,"column":7},"end":{"line":88,"column":1}},"loc":{"start":{"line":86,"column":7},"end":{"line":88,"column":1}},"line":86},"5":{"name":"trimSpanIn","decl":{"start":{"line":94,"column":7},"end":{"line":102,"column":1}},"loc":{"start":{"line":94,"column":7},"end":{"line":102,"column":1}},"line":94},"6":{"name":"trimSpanOut","decl":{"start":{"line":105,"column":7},"end":{"line":113,"column":1}},"loc":{"start":{"line":105,"column":7},"end":{"line":113,"column":1}},"line":105},"7":{"name":"trimAudioIn","decl":{"start":{"line":119,"column":7},"end":{"line":127,"column":1}},"loc":{"start":{"line":119,"column":7},"end":{"line":127,"column":1}},"line":119}},"f":{"0":4,"1":4,"2":3,"3":84,"4":14,"5":5,"6":4,"7":6}}
,"/Users/maohua/Desktop/gi_+repo/ai-video-cut/ui/src/timeline/scale.ts": {"path":"/Users/maohua/Desktop/gi_+repo/ai-video-cut/ui/src/timeline/scale.ts","all":false,"statementMap":{"0":{"start":{"line":1,"column":0},"end":{"line":1,"column":40}},"1":{"start":{"line":2,"column":0},"end":{"line":2,"column":35}},"2":{"start":{"line":3,"column":0},"end":{"line":3,"column":37}},"4":{"start":{"line":5,"column":0},"end":{"line":5,"column":35}},"6":{"start":{"line":7,"column":0},"end":{"line":7,"column":68}},"7":{"start":{"line":8,"column":0},"end":{"line":8,"column":70}},"9":{"start":{"line":10,"column":0},"end":{"line":10,"column":46}},"10":{"start":{"line":11,"column":0},"end":{"line":11,"column":62}},"16":{"start":{"line":17,"column":0},"end":{"line":17,"column":25}},"17":{"start":{"line":18,"column":0},"end":{"line":18,"column":15}},"18":{"start":{"line":19,"column":0},"end":{"line":19,"column":23}},"19":{"start":{"line":20,"column":0},"end":{"line":20,"column":14}},"20":{"start":{"line":21,"column":0},"end":{"line":21,"column":34}},"21":{"start":{"line":22,"column":0},"end":{"line":22,"column":11}},"22":{"start":{"line":23,"column":0},"end":{"line":23,"column":41}},"23":{"start":{"line":24,"column":0},"end":{"line":24,"column":18}},"24":{"start":{"line":25,"column":0},"end":{"line":25,"column":26}},"25":{"start":{"line":26,"column":0},"end":{"line":26,"column":31}},"26":{"start":{"line":27,"column":0},"end":{"line":27,"column":33}},"27":{"start":{"line":28,"column":0},"end":{"line":28,"column":43}},"28":{"start":{"line":29,"column":0},"end":{"line":29,"column":15}},"29":{"start":{"line":30,"column":0},"end":{"line":30,"column":19}},"30":{"start":{"line":31,"column":0},"end":{"line":31,"column":5}},"31":{"start":{"line":32,"column":0},"end":{"line":32,"column":3}},"32":{"start":{"line":33,"column":0},"end":{"line":33,"column":14}},"33":{"start":{"line":34,"column":0},"end":{"line":34,"column":1}},"36":{"start":{"line":37,"column":0},"end":{"line":37,"column":92}},"37":{"start":{"line":38,"column":0},"end":{"line":38,"column":54}},"38":{"start":{"line":39,"column":0},"end":{"line":39,"column":61}},"39":{"start":{"line":40,"column":0},"end":{"line":40,"column":1}}},"s":{"0":1,"1":1,"2":1,"4":1,"6":1,"7":1,"9":1,"10":5,"16":1,"17":7,"18":7,"19":7,"20":7,"21":7,"22":7,"23":7,"24":7,"25":7,"26":37,"27":37,"28":6,"29":6,"30":6,"31":37,"32":7,"33":7,"36":1,"37":3,"38":2,"39":2},"branchMap":{"0":{"type":"branch","line":7,"loc":{"start":{"line":7,"column":24},"end":{"line":7,"column":68}},"locations":[{"start":{"line":7,"column":24},"end":{"line":7,"column":68}}]},"1":{"type":"branch","line":8,"loc":{"start":{"line":8,"column":24},"end":{"line":8,"column":70}},"locations":[{"start":{"line":8,"column":24},"end":{"line":8,"column":70}}]},"2":{"type":"branch","line":10,"loc":{"start":{"line":10,"column":24},"end":{"line":11,"column":62}},"locations":[{"start":{"line":10,"column":24},"end":{"line":11,"column":62}}]},"3":{"type":"branch","line":17,"loc":{"start":{"line":17,"column":7},"end":{"line":34,"column":1}},"locations":[{"start":{"line":17,"column":7},"end":{"line":34,"column":1}}]},"4":{"type":"branch","line":26,"loc":{"start":{"line":26,"column":30},"end":{"line":32,"column":3}},"locations":[{"start":{"line":26,"column":30},"end":{"line":32,"column":3}}]},"5":{"type":"branch","line":28,"loc":{"start":{"line":28,"column":12},"end":{"line":28,"column":42}},"locations":[{"start":{"line":28,"column":12},"end":{"line":28,"column":42}}]},"6":{"type":"branch","line":28,"loc":{"start":{"line":28,"column":42},"end":{"line":31,"column":5}},"locations":[{"start":{"line":28,"column":42},"end":{"line":31,"column":5}}]},"7":{"type":"branch","line":37,"loc":{"start":{"line":37,"column":7},"end":{"line":40,"column":1}},"locations":[{"start":{"line":37,"column":7},"end":{"line":40,"column":1}}]},"8":{"type":"branch","line":38,"loc":{"start":{"line":38,"column":25},"end":{"line":38,"column":54}},"locations":[{"start":{"line":38,"column":25},"end":{"line":38,"column":54}}]},"9":{"type":"branch","line":38,"loc":{"start":{"line":38,"column":32},"end":{"line":40,"column":1}},"locations":[{"start":{"line":38,"column":32},"end":{"line":40,"column":1}}]}},"b":{"0":[2198],"1":[17],"2":[5],"3":[7],"4":[37],"5":[6],"6":[6],"7":[3],"8":[1],"9":[2]},"fnMap":{"0":{"name":"timeToPx","decl":{"start":{"line":7,"column":24},"end":{"line":7,"column":68}},"loc":{"start":{"line":7,"column":24},"end":{"line":7,"column":68}},"line":7},"1":{"name":"pxToTime","decl":{"start":{"line":8,"column":24},"end":{"line":8,"column":70}},"loc":{"start":{"line":8,"column":24},"end":{"line":8,"column":70}},"line":8},"2":{"name":"clampPps","decl":{"start":{"line":10,"column":24},"end":{"line":11,"column":62}},"loc":{"start":{"line":10,"column":24},"end":{"line":11,"column":62}},"line":10},"3":{"name":"snapTime","decl":{"start":{"line":17,"column":7},"end":{"line":34,"column":1}},"loc":{"start":{"line":17,"column":7},"end":{"line":34,"column":1}},"line":17},"4":{"name":"fitPps","decl":{"start":{"line":37,"column":7},"end":{"line":40,"column":1}},"loc":{"start":{"line":37,"column":7},"end":{"line":40,"column":1}},"line":37}},"f":{"0":2198,"1":17,"2":5,"3":7,"4":3}}
,"/Users/maohua/Desktop/gi_+repo/ai-video-cut/ui/src/timeline/usePeaks.ts": {"path":"/Users/maohua/Desktop/gi_+repo/ai-video-cut/ui/src/timeline/usePeaks.ts","all":false,"statementMap":{"0":{"start":{"line":1,"column":0},"end":{"line":1,"column":44}},"4":{"start":{"line":5,"column":0},"end":{"line":5,"column":57}},"6":{"start":{"line":7,"column":0},"end":{"line":7,"column":78}},"7":{"start":{"line":8,"column":0},"end":{"line":8,"column":61}},"8":{"start":{"line":9,"column":0},"end":{"line":9,"column":19}},"9":{"start":{"line":10,"column":0},"end":{"line":10,"column":27}},"10":{"start":{"line":11,"column":0},"end":{"line":11,"column":38}},"11":{"start":{"line":12,"column":0},"end":{"line":12,"column":38}},"12":{"start":{"line":13,"column":0},"end":{"line":13,"column":19}},"13":{"start":{"line":14,"column":0},"end":{"line":14,"column":71}},"14":{"start":{"line":15,"column":0},"end":{"line":15,"column":35}},"16":{"start":{"line":17,"column":0},"end":{"line":17,"column":50}},"17":{"start":{"line":18,"column":0},"end":{"line":18,"column":5}},"18":{"start":{"line":19,"column":0},"end":{"line":19,"column":21}},"19":{"start":{"line":20,"column":0},"end":{"line":20,"column":62}},"20":{"start":{"line":21,"column":0},"end":{"line":21,"column":18}},"21":{"start":{"line":22,"column":0},"end":{"line":22,"column":20}},"22":{"start":{"line":23,"column":0},"end":{"line":23,"column":6}},"23":{"start":{"line":24,"column":0},"end":{"line":24,"column":18}},"24":{"start":{"line":25,"column":0},"end":{"line":25,"column":15}},"25":{"start":{"line":26,"column":0},"end":{"line":26,"column":1}}},"s":{"0":1,"4":1,"6":1,"7":113,"8":113,"9":93,"10":62,"11":62,"12":62,"13":62,"14":62,"16":62,"17":62,"18":62,"19":62,"20":62,"21":62,"22":62,"23":113,"24":113,"25":113},"branchMap":{"0":{"type":"branch","line":7,"loc":{"start":{"line":7,"column":7},"end":{"line":26,"column":1}},"locations":[{"start":{"line":7,"column":7},"end":{"line":26,"column":1}}]},"1":{"type":"branch","line":9,"loc":{"start":{"line":9,"column":12},"end":{"line":24,"column":5}},"locations":[{"start":{"line":9,"column":12},"end":{"line":24,"column":5}}]},"2":{"type":"branch","line":10,"loc":{"start":{"line":10,"column":20},"end":{"line":10,"column":27}},"locations":[{"start":{"line":10,"column":20},"end":{"line":10,"column":27}}]},"3":{"type":"branch","line":10,"loc":{"start":{"line":10,"column":20},"end":{"line":23,"column":6}},"locations":[{"start":{"line":10,"column":20},"end":{"line":23,"column":6}}]},"4":{"type":"branch","line":17,"loc":{"start":{"line":17,"column":20},"end":{"line":17,"column":48}},"locations":[{"start":{"line":17,"column":20},"end":{"line":17,"column":48}}]},"5":{"type":"branch","line":20,"loc":{"start":{"line":20,"column":52},"end":{"line":20,"column":60}},"locations":[{"start":{"line":20,"column":52},"end":{"line":20,"column":60}}]},"6":{"type":"branch","line":21,"loc":{"start":{"line":21,"column":11},"end":{"line":23,"column":6}},"locations":[{"start":{"line":21,"column":11},"end":{"line":23,"column":6}}]}},"b":{"0":[113],"1":[93],"2":[31],"3":[62],"4":[62],"5":[62],"6":[62]},"fnMap":{"0":{"name":"useWaveform","decl":{"start":{"line":7,"column":7},"end":{"line":26,"column":1}},"loc":{"start":{"line":7,"column":7},"end":{"line":26,"column":1}},"line":7}},"f":{"0":113}}
,"/Users/maohua/Desktop/gi_+repo/ai-video-cut/ui/src/timeline/waveform.ts": {"path":"/Users/maohua/Desktop/gi_+repo/ai-video-cut/ui/src/timeline/waveform.ts","all":false,"statementMap":{"19":{"start":{"line":20,"column":0},"end":{"line":20,"column":94}},"20":{"start":{"line":21,"column":0},"end":{"line":21,"column":43}},"21":{"start":{"line":22,"column":0},"end":{"line":22,"column":27}},"22":{"start":{"line":23,"column":0},"end":{"line":23,"column":28}},"23":{"start":{"line":24,"column":0},"end":{"line":24,"column":33}},"24":{"start":{"line":25,"column":0},"end":{"line":25,"column":33}},"25":{"start":{"line":26,"column":0},"end":{"line":26,"column":34}},"26":{"start":{"line":27,"column":0},"end":{"line":27,"column":34}},"27":{"start":{"line":28,"column":0},"end":{"line":28,"column":19}},"28":{"start":{"line":29,"column":0},"end":{"line":29,"column":22}},"30":{"start":{"line":31,"column":0},"end":{"line":31,"column":50}},"31":{"start":{"line":32,"column":0},"end":{"line":32,"column":44}},"32":{"start":{"line":33,"column":0},"end":{"line":33,"column":49}},"33":{"start":{"line":34,"column":0},"end":{"line":34,"column":20}},"34":{"start":{"line":35,"column":0},"end":{"line":35,"column":16}},"37":{"start":{"line":38,"column":0},"end":{"line":38,"column":44}},"39":{"start":{"line":40,"column":0},"end":{"line":40,"column":51}},"40":{"start":{"line":41,"column":0},"end":{"line":41,"column":20}},"41":{"start":{"line":42,"column":0},"end":{"line":42,"column":23}},"42":{"start":{"line":43,"column":0},"end":{"line":43,"column":33}},"43":{"start":{"line":44,"column":0},"end":{"line":44,"column":63}},"44":{"start":{"line":45,"column":0},"end":{"line":45,"column":50}},"45":{"start":{"line":46,"column":0},"end":{"line":46,"column":5}},"46":{"start":{"line":47,"column":0},"end":{"line":47,"column":38}},"47":{"start":{"line":48,"column":0},"end":{"line":48,"column":63}},"48":{"start":{"line":49,"column":0},"end":{"line":49,"column":50}},"49":{"start":{"line":50,"column":0},"end":{"line":50,"column":5}},"50":{"start":{"line":51,"column":0},"end":{"line":51,"column":20}},"51":{"start":{"line":52,"column":0},"end":{"line":52,"column":26}},"52":{"start":{"line":53,"column":0},"end":{"line":53,"column":15}},"53":{"start":{"line":54,"column":0},"end":{"line":54,"column":4}},"55":{"start":{"line":56,"column":0},"end":{"line":56,"column":28}},"56":{"start":{"line":57,"column":0},"end":{"line":57,"column":15}},"57":{"start":{"line":58,"column":0},"end":{"line":58,"column":35}},"58":{"start":{"line":59,"column":0},"end":{"line":59,"column":32}},"59":{"start":{"line":60,"column":0},"end":{"line":60,"column":10}},"61":{"start":{"line":62,"column":0},"end":{"line":62,"column":34}},"62":{"start":{"line":63,"column":0},"end":{"line":63,"column":3}},"63":{"start":{"line":64,"column":0},"end":{"line":64,"column":31}},"64":{"start":{"line":65,"column":0},"end":{"line":65,"column":48}},"65":{"start":{"line":66,"column":0},"end":{"line":66,"column":37}},"66":{"start":{"line":67,"column":0},"end":{"line":67,"column":3}},"67":{"start":{"line":68,"column":0},"end":{"line":68,"column":1}},"70":{"start":{"line":71,"column":0},"end":{"line":71,"column":26}},"71":{"start":{"line":72,"column":0},"end":{"line":72,"column":41}},"72":{"start":{"line":73,"column":0},"end":{"line":73,"column":40}},"73":{"start":{"line":74,"column":0},"end":{"line":74,"column":11}},"76":{"start":{"line":77,"column":0},"end":{"line":77,"column":27}},"77":{"start":{"line":78,"column":0},"end":{"line":78,"column":40}},"78":{"start":{"line":79,"column":0},"end":{"line":79,"column":40}},"79":{"start":{"line":80,"column":0},"end":{"line":80,"column":11}}},"s":{"19":1,"20":0,"21":0,"22":0,"23":0,"24":0,"25":0,"26":0,"27":0,"28":0,"30":0,"31":0,"32":0,"33":0,"34":0,"37":0,"39":0,"40":0,"41":0,"42":0,"43":0,"44":0,"45":0,"46":0,"47":0,"48":0,"49":0,"50":0,"51":0,"52":0,"53":0,"55":0,"56":0,"57":0,"58":0,"59":0,"61":0,"62":0,"63":0,"64":0,"65":0,"66":0,"67":0,"70":1,"71":1,"72":1,"73":1,"76":1,"77":1,"78":1,"79":1},"branchMap":{},"b":{},"fnMap":{"0":{"name":"drawWaveform","decl":{"start":{"line":20,"column":7},"end":{"line":68,"column":1}},"loc":{"start":{"line":20,"column":7},"end":{"line":68,"column":1}},"line":20}},"f":{"0":0}}
}
